

Started GET "/ipad/tcourses/6?chapter=3&sclass=1&show=chapter" for 192.168.0.189 at 2012-09-25 17:58:20 +0800
  Processing by Ipad::TcoursesController#show as HTML
  Parameters: {"chapter"=>"3", "sclass"=>"1", "show"=>"chapter", "id"=>"6"}
  [1m[36mUser Load (0.4ms)[0m  [1mSELECT "users".* FROM "users" WHERE "users"."id" = 4 LIMIT 1[0m
  [1m[35mRole Load (0.3ms)[0m  SELECT "roles".* FROM "roles" INNER JOIN "roles_users" ON "roles"."id" = "roles_users"."role_id" WHERE "roles_users"."user_id" = 4
  [1m[36mCourse Load (0.4ms)[0m  [1mSELECT "courses".* FROM "courses" WHERE "courses"."id" = ? LIMIT 1[0m  [["id", "6"]]
  [1m[35mSclass Load (0.3ms)[0m  SELECT "sclasses".* FROM "sclasses" WHERE "sclasses"."id" = ? LIMIT 1  [["id", "1"]]
  [1m[36mChapter Load (0.3ms)[0m  [1mSELECT "chapters".* FROM "chapters" WHERE "chapters"."id" = ? LIMIT 1[0m  [["id", "3"]]
Completed 406 Not Acceptable in 320ms


Started GET "/ipad/tcourses/6?chapter=2&sclass=2&show=chapter" for 192.168.0.189 at 2012-09-25 17:59:13 +0800
  Processing by Ipad::TcoursesController#show as JS
  Parameters: {"chapter"=>"2", "sclass"=>"2", "show"=>"chapter", "id"=>"6"}
  [1m[35mUser Load (0.4ms)[0m  SELECT "users".* FROM "users" WHERE "users"."id" = 4 LIMIT 1
  [1m[36mRole Load (0.3ms)[0m  [1mSELECT "roles".* FROM "roles" INNER JOIN "roles_users" ON "roles"."id" = "roles_users"."role_id" WHERE "roles_users"."user_id" = 4[0m
  [1m[35mCourse Load (0.3ms)[0m  SELECT "courses".* FROM "courses" WHERE "courses"."id" = ? LIMIT 1  [["id", "6"]]
  [1m[36mSclass Load (0.3ms)[0m  [1mSELECT "sclasses".* FROM "sclasses" WHERE "sclasses"."id" = ? LIMIT 1[0m  [["id", "2"]]
  [1m[35mChapter Load (0.3ms)[0m  SELECT "chapters".* FROM "chapters" WHERE "chapters"."id" = ? LIMIT 1  [["id", "2"]]
Completed 406 Not Acceptable in 331ms


Started GET "/ipad/tcourses/6?chapter=2&sclass=2&show=chapter" for 192.168.0.189 at 2012-09-25 18:00:13 +0800
  Processing by Ipad::TcoursesController#show as JS
  Parameters: {"chapter"=>"2", "sclass"=>"2", "show"=>"chapter", "id"=>"6"}
  [1m[36mUser Load (0.4ms)[0m  [1mSELECT "users".* FROM "users" WHERE "users"."id" = 4 LIMIT 1[0m
  [1m[35mRole Load (0.3ms)[0m  SELECT "roles".* FROM "roles" INNER JOIN "roles_users" ON "roles"."id" = "roles_users"."role_id" WHERE "roles_users"."user_id" = 4
  [1m[36mCourse Load (0.3ms)[0m  [1mSELECT "courses".* FROM "courses" WHERE "courses"."id" = ? LIMIT 1[0m  [["id", "6"]]
  [1m[35mSclass Load (0.4ms)[0m  SELECT "sclasses".* FROM "sclasses" WHERE "sclasses"."id" = ? LIMIT 1  [["id", "2"]]
  [1m[36mChapter Load (0.3ms)[0m  [1mSELECT "chapters".* FROM "chapters" WHERE "chapters"."id" = ? LIMIT 1[0m  [["id", "2"]]
Rendered ipad/tcourses/_chapter.html.erb (0.1ms)
  [1m[35mCourse Load (0.8ms)[0m  SELECT "courses".* FROM "courses" WHERE "courses"."id" = 6 LIMIT 1
Rendered ipad/tcourses/_chapter_t.html.erb (38.6ms)
Rendered ipad/tcourses/_chapter_f.html.erb (1.3ms)
Rendered ipad/tcourses/chapter.js.erb (52.0ms)
Completed 200 OK in 389ms (Views: 63.6ms | ActiveRecord: 8.0ms)


Started GET "/ipad/tcourses/6?chapter=2&sclass=2&show=chapter" for 192.168.0.189 at 2012-09-25 18:19:41 +0800
  Processing by Ipad::TcoursesController#show as JS
  Parameters: {"chapter"=>"2", "sclass"=>"2", "show"=>"chapter", "id"=>"6"}
  [1m[36mUser Load (0.4ms)[0m  [1mSELECT "users".* FROM "users" WHERE "users"."id" = 4 LIMIT 1[0m
  [1m[35mRole Load (0.6ms)[0m  SELECT "roles".* FROM "roles" INNER JOIN "roles_users" ON "roles"."id" = "roles_users"."role_id" WHERE "roles_users"."user_id" = 4
  [1m[36mCourse Load (0.3ms)[0m  [1mSELECT "courses".* FROM "courses" WHERE "courses"."id" = ? LIMIT 1[0m  [["id", "6"]]
  [1m[35mSclass Load (0.3ms)[0m  SELECT "sclasses".* FROM "sclasses" WHERE "sclasses"."id" = ? LIMIT 1  [["id", "2"]]
  [1m[36mChapter Load (0.3ms)[0m  [1mSELECT "chapters".* FROM "chapters" WHERE "chapters"."id" = ? LIMIT 1[0m  [["id", "2"]]
Completed 500 Internal Server Error in 335ms

NoMethodError (undefined method `to_srjust' for 1:Fixnum):
  app/controllers/ipad/tcourses_controller.rb:35:in `block in show'
  app/controllers/ipad/tcourses_controller.rb:27:in `show'

Rendered /usr/local/rvm/gems/ruby-1.9.3-p125/gems/actionpack-3.1.8/lib/action_dispatch/middleware/templates/rescues/_trace.erb (2.1ms)
Rendered /usr/local/rvm/gems/ruby-1.9.3-p125/gems/actionpack-3.1.8/lib/action_dispatch/middleware/templates/rescues/_request_and_response.erb (4.5ms)
Rendered /usr/local/rvm/gems/ruby-1.9.3-p125/gems/actionpack-3.1.8/lib/action_dispatch/middleware/templates/rescues/diagnostics.erb within rescues/layout (12.3ms)


Started GET "/ipad/tcourses/6?chapter=2&sclass=2&show=chapter" for 192.168.0.189 at 2012-09-25 18:20:35 +0800
  Processing by Ipad::TcoursesController#show as JS
  Parameters: {"chapter"=>"2", "sclass"=>"2", "show"=>"chapter", "id"=>"6"}
  [1m[35mUser Load (0.4ms)[0m  SELECT "users".* FROM "users" WHERE "users"."id" = 4 LIMIT 1
  [1m[36mRole Load (0.3ms)[0m  [1mSELECT "roles".* FROM "roles" INNER JOIN "roles_users" ON "roles"."id" = "roles_users"."role_id" WHERE "roles_users"."user_id" = 4[0m
  [1m[35mCourse Load (0.4ms)[0m  SELECT "courses".* FROM "courses" WHERE "courses"."id" = ? LIMIT 1  [["id", "6"]]
  [1m[36mSclass Load (0.3ms)[0m  [1mSELECT "sclasses".* FROM "sclasses" WHERE "sclasses"."id" = ? LIMIT 1[0m  [["id", "2"]]
  [1m[35mChapter Load (0.4ms)[0m  SELECT "chapters".* FROM "chapters" WHERE "chapters"."id" = ? LIMIT 1  [["id", "2"]]
Rendered ipad/tcourses/_chapter.html.erb (0.7ms)
  [1m[36mCourse Load (0.4ms)[0m  [1mSELECT "courses".* FROM "courses" WHERE "courses"."id" = 6 LIMIT 1[0m
Rendered ipad/tcourses/_chapter_t.html.erb (25.3ms)
Rendered ipad/tcourses/_chapter_f.html.erb (2.3ms)
Rendered ipad/tcourses/chapter.js.erb (33.3ms)
Completed 200 OK in 309ms (Views: 43.6ms | ActiveRecord: 9.2ms)


Started GET "/ipad/tcourses/6?chapter=2&sclass=2&show=chapter" for 192.168.0.189 at 2012-09-25 18:23:22 +0800
  Processing by Ipad::TcoursesController#show as JS
  Parameters: {"chapter"=>"2", "sclass"=>"2", "show"=>"chapter", "id"=>"6"}
  [1m[35mUser Load (0.4ms)[0m  SELECT "users".* FROM "users" WHERE "users"."id" = 4 LIMIT 1
  [1m[36mRole Load (0.3ms)[0m  [1mSELECT "roles".* FROM "roles" INNER JOIN "roles_users" ON "roles"."id" = "roles_users"."role_id" WHERE "roles_users"."user_id" = 4[0m
  [1m[35mCourse Load (0.3ms)[0m  SELECT "courses".* FROM "courses" WHERE "courses"."id" = ? LIMIT 1  [["id", "6"]]
  [1m[36mSclass Load (0.3ms)[0m  [1mSELECT "sclasses".* FROM "sclasses" WHERE "sclasses"."id" = ? LIMIT 1[0m  [["id", "2"]]
  [1m[35mChapter Load (0.3ms)[0m  SELECT "chapters".* FROM "chapters" WHERE "chapters"."id" = ? LIMIT 1  [["id", "2"]]
Rendered ipad/tcourses/_chapter.html.erb (0.1ms)
  [1m[36mCourse Load (0.3ms)[0m  [1mSELECT "courses".* FROM "courses" WHERE "courses"."id" = 6 LIMIT 1[0m
Rendered ipad/tcourses/_chapter_t.html.erb (35.4ms)
ERROR: compiling _app_views_ipad_tcourses__chapter_f_html_erb___363056860_106023840 RAISED /opt/railsapp/elearning/app/views/ipad/tcourses/_chapter_f.html.erb:1: syntax error, unexpected tASSOC, expecting ')'
...( link_to t("g.home"), (:show=>"nav_img"), "data-role"=>"but...
...                               ^
Function body:           def _app_views_ipad_tcourses__chapter_f_html_erb___363056860_106023840(local_assigns, output_buffer)
            _old_virtual_path, @virtual_path = @virtual_path, "ipad/tcourses/_chapter_f";_old_output_buffer = @output_buffer;chapter_f = local_assigns[:chapter_f];;@output_buffer = output_buffer || ActionView::OutputBuffer.new;@output_buffer.append= ( link_to t("g.home"), (:show=>"nav_img"), "data-role"=>"button", "data-icon"=>"plus" );@output_buffer.safe_concat('
');@output_buffer.append= ( link_to t("g.priv"), "#",  "data-role"=>"button", "data-icon"=>"plus" );@output_buffer.safe_concat('
');@output_buffer.append= ( link_to t("g.next"), "#",  "data-role"=>"button", "data-icon"=>"plus" );@output_buffer.safe_concat('
');@output_buffer.to_s
          ensure
            @virtual_path, @output_buffer = _old_virtual_path, _old_output_buffer
          end
Backtrace: /usr/local/rvm/gems/ruby-1.9.3-p125/gems/actionpack-3.1.8/lib/action_view/template.rb:282:in `module_eval'
/usr/local/rvm/gems/ruby-1.9.3-p125/gems/actionpack-3.1.8/lib/action_view/template.rb:282:in `compile'
/usr/local/rvm/gems/ruby-1.9.3-p125/gems/actionpack-3.1.8/lib/action_view/template.rb:190:in `compile!'
/usr/local/rvm/gems/ruby-1.9.3-p125/gems/actionpack-3.1.8/lib/action_view/template.rb:143:in `block in render'
/usr/local/rvm/gems/ruby-1.9.3-p125/gems/activesupport-3.1.8/lib/active_support/notifications.rb:55:in `instrument'
/usr/local/rvm/gems/ruby-1.9.3-p125/gems/actionpack-3.1.8/lib/action_view/template.rb:142:in `render'
/usr/local/rvm/gems/ruby-1.9.3-p125/gems/actionpack-3.1.8/lib/action_view/renderer/partial_renderer.rb:256:in `render_partial'
/usr/local/rvm/gems/ruby-1.9.3-p125/gems/actionpack-3.1.8/lib/action_view/renderer/partial_renderer.rb:228:in `block (2 levels) in render'
/usr/local/rvm/gems/ruby-1.9.3-p125/gems/actionpack-3.1.8/lib/action_view/renderer/abstract_renderer.rb:33:in `block in instrument'
/usr/local/rvm/gems/ruby-1.9.3-p125/gems/activesupport-3.1.8/lib/active_support/notifications.rb:53:in `block in instrument'
/usr/local/rvm/gems/ruby-1.9.3-p125/gems/activesupport-3.1.8/lib/active_support/notifications/instrumenter.rb:21:in `instrument'
/usr/local/rvm/gems/ruby-1.9.3-p125/gems/activesupport-3.1.8/lib/active_support/notifications.rb:53:in `instrument'
/usr/local/rvm/gems/ruby-1.9.3-p125/gems/actionpack-3.1.8/lib/action_view/renderer/abstract_renderer.rb:33:in `instrument'
/usr/local/rvm/gems/ruby-1.9.3-p125/gems/actionpack-3.1.8/lib/action_view/renderer/partial_renderer.rb:227:in `block in render'
/usr/local/rvm/gems/ruby-1.9.3-p125/gems/actionpack-3.1.8/lib/action_view/renderer/abstract_renderer.rb:22:in `wrap_formats'
/usr/local/rvm/gems/ruby-1.9.3-p125/gems/actionpack-3.1.8/lib/action_view/renderer/partial_renderer.rb:219:in `render'
/usr/local/rvm/gems/ruby-1.9.3-p125/gems/actionpack-3.1.8/lib/action_view/renderer/renderer.rb:41:in `render_partial'
/usr/local/rvm/gems/ruby-1.9.3-p125/gems/actionpack-3.1.8/lib/action_view/renderer/renderer.rb:15:in `render'
/usr/local/rvm/gems/ruby-1.9.3-p125/gems/actionpack-3.1.8/lib/action_view/helpers/rendering_helper.rb:24:in `render'
/opt/railsapp/elearning/app/views/ipad/tcourses/chapter.js.erb:3:in `_app_views_ipad_tcourses_chapter_js_erb___367770502_97033190'
/usr/local/rvm/gems/ruby-1.9.3-p125/gems/actionpack-3.1.8/lib/action_view/template.rb:144:in `block in render'
/usr/local/rvm/gems/ruby-1.9.3-p125/gems/activesupport-3.1.8/lib/active_support/notifications.rb:55:in `instrument'
/usr/local/rvm/gems/ruby-1.9.3-p125/gems/actionpack-3.1.8/lib/action_view/template.rb:142:in `render'
/usr/local/rvm/gems/ruby-1.9.3-p125/gems/actionpack-3.1.8/lib/action_view/renderer/template_renderer.rb:40:in `block (2 levels) in render_template'
/usr/local/rvm/gems/ruby-1.9.3-p125/gems/actionpack-3.1.8/lib/action_view/renderer/abstract_renderer.rb:33:in `block in instrument'
/usr/local/rvm/gems/ruby-1.9.3-p125/gems/activesupport-3.1.8/lib/active_support/notifications.rb:53:in `block in instrument'
/usr/local/rvm/gems/ruby-1.9.3-p125/gems/activesupport-3.1.8/lib/active_support/notifications/instrumenter.rb:21:in `instrument'
/usr/local/rvm/gems/ruby-1.9.3-p125/gems/activesupport-3.1.8/lib/active_support/notifications.rb:53:in `instrument'
/usr/local/rvm/gems/ruby-1.9.3-p125/gems/actionpack-3.1.8/lib/action_view/renderer/abstract_renderer.rb:33:in `instrument'
/usr/local/rvm/gems/ruby-1.9.3-p125/gems/actionpack-3.1.8/lib/action_view/renderer/template_renderer.rb:39:in `block in render_template'
/usr/local/rvm/gems/ruby-1.9.3-p125/gems/actionpack-3.1.8/lib/action_view/renderer/template_renderer.rb:47:in `render_with_layout'
/usr/local/rvm/gems/ruby-1.9.3-p125/gems/actionpack-3.1.8/lib/action_view/renderer/template_renderer.rb:38:in `render_template'
/usr/local/rvm/gems/ruby-1.9.3-p125/gems/actionpack-3.1.8/lib/action_view/renderer/template_renderer.rb:12:in `block in render'
/usr/local/rvm/gems/ruby-1.9.3-p125/gems/actionpack-3.1.8/lib/action_view/renderer/abstract_renderer.rb:22:in `wrap_formats'
/usr/local/rvm/gems/ruby-1.9.3-p125/gems/actionpack-3.1.8/lib/action_view/renderer/template_renderer.rb:9:in `render'
/usr/local/rvm/gems/ruby-1.9.3-p125/gems/actionpack-3.1.8/lib/action_view/renderer/renderer.rb:36:in `render_template'
/usr/local/rvm/gems/ruby-1.9.3-p125/gems/actionpack-3.1.8/lib/action_view/renderer/renderer.rb:17:in `render'
/usr/local/rvm/gems/ruby-1.9.3-p125/gems/actionpack-3.1.8/lib/abstract_controller/rendering.rb:120:in `_render_template'
/usr/local/rvm/gems/ruby-1.9.3-p125/gems/actionpack-3.1.8/lib/action_controller/metal/streaming.rb:250:in `_render_template'
/usr/local/rvm/gems/ruby-1.9.3-p125/gems/actionpack-3.1.8/lib/abstract_controller/rendering.rb:114:in `render_to_body'
/usr/local/rvm/gems/ruby-1.9.3-p125/gems/actionpack-3.1.8/lib/action_controller/metal/renderers.rb:30:in `render_to_body'
/usr/local/rvm/gems/ruby-1.9.3-p125/gems/actionpack-3.1.8/lib/action_controller/metal/compatibility.rb:43:in `render_to_body'
/usr/local/rvm/gems/ruby-1.9.3-p125/gems/actionpack-3.1.8/lib/abstract_controller/rendering.rb:99:in `render'
/usr/local/rvm/gems/ruby-1.9.3-p125/gems/actionpack-3.1.8/lib/action_controller/metal/rendering.rb:16:in `render'
/usr/local/rvm/gems/ruby-1.9.3-p125/gems/actionpack-3.1.8/lib/action_controller/metal/instrumentation.rb:40:in `block (2 levels) in render'
/usr/local/rvm/gems/ruby-1.9.3-p125/gems/activesupport-3.1.8/lib/active_support/core_ext/benchmark.rb:5:in `block in ms'
/usr/local/rvm/rubies/ruby-1.9.3-p125/lib/ruby/1.9.1/benchmark.rb:295:in `realtime'
/usr/local/rvm/gems/ruby-1.9.3-p125/gems/activesupport-3.1.8/lib/active_support/core_ext/benchmark.rb:5:in `ms'
/usr/local/rvm/gems/ruby-1.9.3-p125/gems/actionpack-3.1.8/lib/action_controller/metal/instrumentation.rb:40:in `block in render'
/usr/local/rvm/gems/ruby-1.9.3-p125/gems/actionpack-3.1.8/lib/action_controller/metal/instrumentation.rb:78:in `cleanup_view_runtime'
/usr/local/rvm/gems/ruby-1.9.3-p125/gems/activerecord-3.1.8/lib/active_record/railties/controller_runtime.rb:24:in `cleanup_view_runtime'
/usr/local/rvm/gems/ruby-1.9.3-p125/gems/actionpack-3.1.8/lib/action_controller/metal/instrumentation.rb:39:in `render'
/opt/railsapp/elearning/app/controllers/ipad/tcourses_controller.rb:36:in `block (2 levels) in show'
/usr/local/rvm/gems/ruby-1.9.3-p125/gems/actionpack-3.1.8/lib/action_controller/metal/mime_responds.rb:195:in `call'
/usr/local/rvm/gems/ruby-1.9.3-p125/gems/actionpack-3.1.8/lib/action_controller/metal/mime_responds.rb:195:in `respond_to'
/opt/railsapp/elearning/app/controllers/ipad/tcourses_controller.rb:27:in `show'
/usr/local/rvm/gems/ruby-1.9.3-p125/gems/actionpack-3.1.8/lib/action_controller/metal/implicit_render.rb:4:in `send_action'
/usr/local/rvm/gems/ruby-1.9.3-p125/gems/actionpack-3.1.8/lib/abstract_controller/base.rb:167:in `process_action'
/usr/local/rvm/gems/ruby-1.9.3-p125/gems/actionpack-3.1.8/lib/action_controller/metal/rendering.rb:10:in `process_action'
/usr/local/rvm/gems/ruby-1.9.3-p125/gems/actionpack-3.1.8/lib/abstract_controller/callbacks.rb:18:in `block in process_action'
/usr/local/rvm/gems/ruby-1.9.3-p125/gems/activesupport-3.1.8/lib/active_support/callbacks.rb:443:in `_run__761012168__process_action__949697277__callbacks'
/usr/local/rvm/gems/ruby-1.9.3-p125/gems/activesupport-3.1.8/lib/active_support/callbacks.rb:386:in `_run_process_action_callbacks'
/usr/local/rvm/gems/ruby-1.9.3-p125/gems/activesupport-3.1.8/lib/active_support/callbacks.rb:81:in `run_callbacks'
/usr/local/rvm/gems/ruby-1.9.3-p125/gems/actionpack-3.1.8/lib/abstract_controller/callbacks.rb:17:in `process_action'
/usr/local/rvm/gems/ruby-1.9.3-p125/gems/actionpack-3.1.8/lib/action_controller/metal/rescue.rb:17:in `process_action'
/usr/local/rvm/gems/ruby-1.9.3-p125/gems/actionpack-3.1.8/lib/action_controller/metal/instrumentation.rb:30:in `block in process_action'
/usr/local/rvm/gems/ruby-1.9.3-p125/gems/activesupport-3.1.8/lib/active_support/notifications.rb:53:in `block in instrument'
/usr/local/rvm/gems/ruby-1.9.3-p125/gems/activesupport-3.1.8/lib/active_support/notifications/instrumenter.rb:21:in `instrument'
/usr/local/rvm/gems/ruby-1.9.3-p125/gems/activesupport-3.1.8/lib/active_support/notifications.rb:53:in `instrument'
/usr/local/rvm/gems/ruby-1.9.3-p125/gems/actionpack-3.1.8/lib/action_controller/metal/instrumentation.rb:29:in `process_action'
/usr/local/rvm/gems/ruby-1.9.3-p125/gems/actionpack-3.1.8/lib/action_controller/metal/params_wrapper.rb:201:in `process_action'
/usr/local/rvm/gems/ruby-1.9.3-p125/gems/activerecord-3.1.8/lib/active_record/railties/controller_runtime.rb:18:in `process_action'
/usr/local/rvm/gems/ruby-1.9.3-p125/gems/actionpack-3.1.8/lib/abstract_controller/base.rb:121:in `process'
/usr/local/rvm/gems/ruby-1.9.3-p125/gems/actionpack-3.1.8/lib/abstract_controller/rendering.rb:45:in `process'
/usr/local/rvm/gems/ruby-1.9.3-p125/gems/actionpack-3.1.8/lib/action_controller/metal.rb:193:in `dispatch'
/usr/local/rvm/gems/ruby-1.9.3-p125/gems/actionpack-3.1.8/lib/action_controller/metal/rack_delegation.rb:14:in `dispatch'
/usr/local/rvm/gems/ruby-1.9.3-p125/gems/actionpack-3.1.8/lib/action_controller/metal.rb:236:in `block in action'
/usr/local/rvm/gems/ruby-1.9.3-p125/gems/actionpack-3.1.8/lib/action_dispatch/routing/route_set.rb:71:in `call'
/usr/local/rvm/gems/ruby-1.9.3-p125/gems/actionpack-3.1.8/lib/action_dispatch/routing/route_set.rb:71:in `dispatch'
/usr/local/rvm/gems/ruby-1.9.3-p125/gems/actionpack-3.1.8/lib/action_dispatch/routing/route_set.rb:35:in `call'
/usr/local/rvm/gems/ruby-1.9.3-p125/gems/rack-mount-0.8.3/lib/rack/mount/route_set.rb:152:in `block in call'
/usr/local/rvm/gems/ruby-1.9.3-p125/gems/rack-mount-0.8.3/lib/rack/mount/code_generation.rb:96:in `block in recognize'
/usr/local/rvm/gems/ruby-1.9.3-p125/gems/rack-mount-0.8.3/lib/rack/mount/code_generation.rb:96:in `optimized_each'
/usr/local/rvm/gems/ruby-1.9.3-p125/gems/rack-mount-0.8.3/lib/rack/mount/code_generation.rb:95:in `recognize'
/usr/local/rvm/gems/ruby-1.9.3-p125/gems/rack-mount-0.8.3/lib/rack/mount/route_set.rb:141:in `call'
/usr/local/rvm/gems/ruby-1.9.3-p125/gems/actionpack-3.1.8/lib/action_dispatch/routing/route_set.rb:538:in `call'
/usr/local/rvm/gems/ruby-1.9.3-p125/gems/omniauth-1.1.1/lib/omniauth/strategy.rb:177:in `call!'
/usr/local/rvm/gems/ruby-1.9.3-p125/gems/omniauth-1.1.1/lib/omniauth/strategy.rb:157:in `call'
/usr/local/rvm/gems/ruby-1.9.3-p125/gems/omniauth-1.1.1/lib/omniauth/builder.rb:48:in `call'
/usr/local/rvm/gems/ruby-1.9.3-p125/gems/warden-1.2.1/lib/warden/manager.rb:35:in `block in call'
/usr/local/rvm/gems/ruby-1.9.3-p125/gems/warden-1.2.1/lib/warden/manager.rb:34:in `catch'
/usr/local/rvm/gems/ruby-1.9.3-p125/gems/warden-1.2.1/lib/warden/manager.rb:34:in `call'
/usr/local/rvm/gems/ruby-1.9.3-p125/gems/actionpack-3.1.8/lib/action_dispatch/middleware/best_standards_support.rb:17:in `call'
/usr/local/rvm/gems/ruby-1.9.3-p125/gems/rack-1.3.6/lib/rack/etag.rb:23:in `call'
/usr/local/rvm/gems/ruby-1.9.3-p125/gems/rack-1.3.6/lib/rack/conditionalget.rb:25:in `call'
/usr/local/rvm/gems/ruby-1.9.3-p125/gems/actionpack-3.1.8/lib/action_dispatch/middleware/head.rb:14:in `call'
/usr/local/rvm/gems/ruby-1.9.3-p125/gems/actionpack-3.1.8/lib/action_dispatch/middleware/params_parser.rb:21:in `call'
/usr/local/rvm/gems/ruby-1.9.3-p125/gems/actionpack-3.1.8/lib/action_dispatch/middleware/flash.rb:243:in `call'
/usr/local/rvm/gems/ruby-1.9.3-p125/gems/rack-1.3.6/lib/rack/session/abstract/id.rb:195:in `context'
/usr/local/rvm/gems/ruby-1.9.3-p125/gems/rack-1.3.6/lib/rack/session/abstract/id.rb:190:in `call'
/usr/local/rvm/gems/ruby-1.9.3-p125/gems/actionpack-3.1.8/lib/action_dispatch/middleware/cookies.rb:331:in `call'
/usr/local/rvm/gems/ruby-1.9.3-p125/gems/activerecord-3.1.8/lib/active_record/query_cache.rb:64:in `call'
/usr/local/rvm/gems/ruby-1.9.3-p125/gems/activerecord-3.1.8/lib/active_record/connection_adapters/abstract/connection_pool.rb:477:in `call'
/usr/local/rvm/gems/ruby-1.9.3-p125/gems/actionpack-3.1.8/lib/action_dispatch/middleware/callbacks.rb:29:in `block in call'
/usr/local/rvm/gems/ruby-1.9.3-p125/gems/activesupport-3.1.8/lib/active_support/callbacks.rb:392:in `_run_call_callbacks'
/usr/local/rvm/gems/ruby-1.9.3-p125/gems/activesupport-3.1.8/lib/active_support/callbacks.rb:81:in `run_callbacks'
/usr/local/rvm/gems/ruby-1.9.3-p125/gems/actionpack-3.1.8/lib/action_dispatch/middleware/callbacks.rb:28:in `call'
/usr/local/rvm/gems/ruby-1.9.3-p125/gems/actionpack-3.1.8/lib/action_dispatch/middleware/reloader.rb:68:in `call'
/usr/local/rvm/gems/ruby-1.9.3-p125/gems/rack-1.3.6/lib/rack/sendfile.rb:101:in `call'
/usr/local/rvm/gems/ruby-1.9.3-p125/gems/actionpack-3.1.8/lib/action_dispatch/middleware/remote_ip.rb:48:in `call'
/usr/local/rvm/gems/ruby-1.9.3-p125/gems/actionpack-3.1.8/lib/action_dispatch/middleware/show_exceptions.rb:47:in `call'
/usr/local/rvm/gems/ruby-1.9.3-p125/gems/railties-3.1.8/lib/rails/rack/logger.rb:13:in `call'
/usr/local/rvm/gems/ruby-1.9.3-p125/gems/rack-1.3.6/lib/rack/methodoverride.rb:24:in `call'
/usr/local/rvm/gems/ruby-1.9.3-p125/gems/rack-1.3.6/lib/rack/runtime.rb:17:in `call'
/usr/local/rvm/gems/ruby-1.9.3-p125/gems/activesupport-3.1.8/lib/active_support/cache/strategy/local_cache.rb:72:in `call'
/usr/local/rvm/gems/ruby-1.9.3-p125/gems/rack-1.3.6/lib/rack/lock.rb:15:in `call'
/usr/local/rvm/gems/ruby-1.9.3-p125/gems/actionpack-3.1.8/lib/action_dispatch/middleware/static.rb:61:in `call'
/usr/local/rvm/gems/ruby-1.9.3-p125/gems/railties-3.1.8/lib/rails/engine.rb:456:in `call'
/usr/local/rvm/gems/ruby-1.9.3-p125/gems/railties-3.1.8/lib/rails/application.rb:143:in `call'
/usr/local/rvm/gems/ruby-1.9.3-p125/gems/railties-3.1.8/lib/rails/railtie/configurable.rb:30:in `method_missing'
/usr/local/rvm/gems/ruby-1.9.3-p125/gems/rack-1.3.6/lib/rack/lint.rb:48:in `_call'
/usr/local/rvm/gems/ruby-1.9.3-p125/gems/rack-1.3.6/lib/rack/lint.rb:36:in `call'
/usr/local/rvm/gems/ruby-1.9.3-p125/gems/rack-1.3.6/lib/rack/showexceptions.rb:24:in `call'
/usr/local/rvm/gems/ruby-1.9.3-p125/gems/rack-1.3.6/lib/rack/commonlogger.rb:20:in `call'
/usr/local/rvm/gems/ruby-1.9.3-p125/gems/rack-1.3.6/lib/rack/chunked.rb:41:in `call'
/usr/local/rvm/gems/ruby-1.9.3-p125/gems/rack-1.3.6/lib/rack/content_length.rb:14:in `call'
/usr/local/rvm/gems/ruby-1.9.3-p125/gems/unicorn-4.3.1/lib/unicorn/http_server.rb:531:in `process_client'
/usr/local/rvm/gems/ruby-1.9.3-p125/gems/unicorn-4.3.1/lib/unicorn/http_server.rb:606:in `worker_loop'
/usr/local/rvm/gems/ruby-1.9.3-p125/gems/unicorn-4.3.1/lib/unicorn/http_server.rb:487:in `spawn_missing_workers'
/usr/local/rvm/gems/ruby-1.9.3-p125/gems/unicorn-4.3.1/lib/unicorn/http_server.rb:137:in `start'
/usr/local/rvm/gems/ruby-1.9.3-p125/gems/unicorn-4.3.1/bin/unicorn:121:in `<top (required)>'
/usr/local/rvm/gems/ruby-1.9.3-p125/bin/unicorn:19:in `load'
/usr/local/rvm/gems/ruby-1.9.3-p125/bin/unicorn:19:in `<main>'
Rendered ipad/tcourses/_chapter_f.html.erb (5.2ms)
Rendered ipad/tcourses/chapter.js.erb (50.8ms)
Completed 500 Internal Server Error in 387ms

ActionView::Template::Error (/opt/railsapp/elearning/app/views/ipad/tcourses/_chapter_f.html.erb:1: syntax error, unexpected tASSOC, expecting ')'
...( link_to t("g.home"), (:show=>"nav_img"), "data-role"=>"but...
...                               ^):
    1: <%= link_to t("g.home"), (:show=>"nav_img"), "data-role"=>"button", "data-icon"=>"plus" %>
    2: <%= link_to t("g.priv"), "#",  "data-role"=>"button", "data-icon"=>"plus" %>
    3: <%= link_to t("g.next"), "#",  "data-role"=>"button", "data-icon"=>"plus" %>
  app/views/ipad/tcourses/chapter.js.erb:3:in `_app_views_ipad_tcourses_chapter_js_erb___367770502_97033190'
  app/controllers/ipad/tcourses_controller.rb:36:in `block (2 levels) in show'
  app/controllers/ipad/tcourses_controller.rb:27:in `show'

Rendered /usr/local/rvm/gems/ruby-1.9.3-p125/gems/actionpack-3.1.8/lib/action_dispatch/middleware/templates/rescues/_trace.erb (2.3ms)
Rendered /usr/local/rvm/gems/ruby-1.9.3-p125/gems/actionpack-3.1.8/lib/action_dispatch/middleware/templates/rescues/_request_and_response.erb (6.0ms)
Rendered /usr/local/rvm/gems/ruby-1.9.3-p125/gems/actionpack-3.1.8/lib/action_dispatch/middleware/templates/rescues/template_error.erb within rescues/layout (15.0ms)


Started GET "/ipad/tcourses/6?chapter=3&sclass=1&show=chapter" for 192.168.0.189 at 2012-09-25 18:23:24 +0800
  Processing by Ipad::TcoursesController#show as JS
  Parameters: {"chapter"=>"3", "sclass"=>"1", "show"=>"chapter", "id"=>"6"}
  [1m[35mUser Load (0.4ms)[0m  SELECT "users".* FROM "users" WHERE "users"."id" = 4 LIMIT 1
  [1m[36mRole Load (0.3ms)[0m  [1mSELECT "roles".* FROM "roles" INNER JOIN "roles_users" ON "roles"."id" = "roles_users"."role_id" WHERE "roles_users"."user_id" = 4[0m
  [1m[35mCourse Load (0.4ms)[0m  SELECT "courses".* FROM "courses" WHERE "courses"."id" = ? LIMIT 1  [["id", "6"]]
  [1m[36mSclass Load (1.1ms)[0m  [1mSELECT "sclasses".* FROM "sclasses" WHERE "sclasses"."id" = ? LIMIT 1[0m  [["id", "1"]]
  [1m[35mChapter Load (0.3ms)[0m  SELECT "chapters".* FROM "chapters" WHERE "chapters"."id" = ? LIMIT 1  [["id", "3"]]
Rendered ipad/tcourses/_chapter.html.erb (0.1ms)
  [1m[36mCourse Load (0.8ms)[0m  [1mSELECT "courses".* FROM "courses" WHERE "courses"."id" = 6 LIMIT 1[0m
Rendered ipad/tcourses/_chapter_t.html.erb (33.4ms)
ERROR: compiling _app_views_ipad_tcourses__chapter_f_html_erb___363056860_106023840 RAISED /opt/railsapp/elearning/app/views/ipad/tcourses/_chapter_f.html.erb:1: syntax error, unexpected tASSOC, expecting ')'
...( link_to t("g.home"), (:show=>"nav_img"), "data-role"=>"but...
...                               ^
Function body:           def _app_views_ipad_tcourses__chapter_f_html_erb___363056860_106023840(local_assigns, output_buffer)
            _old_virtual_path, @virtual_path = @virtual_path, "ipad/tcourses/_chapter_f";_old_output_buffer = @output_buffer;chapter_f = local_assigns[:chapter_f];;@output_buffer = output_buffer || ActionView::OutputBuffer.new;@output_buffer.append= ( link_to t("g.home"), (:show=>"nav_img"), "data-role"=>"button", "data-icon"=>"plus" );@output_buffer.safe_concat('
');@output_buffer.append= ( link_to t("g.priv"), "#",  "data-role"=>"button", "data-icon"=>"plus" );@output_buffer.safe_concat('
');@output_buffer.append= ( link_to t("g.next"), "#",  "data-role"=>"button", "data-icon"=>"plus" );@output_buffer.safe_concat('
');@output_buffer.to_s
          ensure
            @virtual_path, @output_buffer = _old_virtual_path, _old_output_buffer
          end
Backtrace: /usr/local/rvm/gems/ruby-1.9.3-p125/gems/actionpack-3.1.8/lib/action_view/template.rb:282:in `module_eval'
/usr/local/rvm/gems/ruby-1.9.3-p125/gems/actionpack-3.1.8/lib/action_view/template.rb:282:in `compile'
/usr/local/rvm/gems/ruby-1.9.3-p125/gems/actionpack-3.1.8/lib/action_view/template.rb:190:in `compile!'
/usr/local/rvm/gems/ruby-1.9.3-p125/gems/actionpack-3.1.8/lib/action_view/template.rb:143:in `block in render'
/usr/local/rvm/gems/ruby-1.9.3-p125/gems/activesupport-3.1.8/lib/active_support/notifications.rb:55:in `instrument'
/usr/local/rvm/gems/ruby-1.9.3-p125/gems/actionpack-3.1.8/lib/action_view/template.rb:142:in `render'
/usr/local/rvm/gems/ruby-1.9.3-p125/gems/actionpack-3.1.8/lib/action_view/renderer/partial_renderer.rb:256:in `render_partial'
/usr/local/rvm/gems/ruby-1.9.3-p125/gems/actionpack-3.1.8/lib/action_view/renderer/partial_renderer.rb:228:in `block (2 levels) in render'
/usr/local/rvm/gems/ruby-1.9.3-p125/gems/actionpack-3.1.8/lib/action_view/renderer/abstract_renderer.rb:33:in `block in instrument'
/usr/local/rvm/gems/ruby-1.9.3-p125/gems/activesupport-3.1.8/lib/active_support/notifications.rb:53:in `block in instrument'
/usr/local/rvm/gems/ruby-1.9.3-p125/gems/activesupport-3.1.8/lib/active_support/notifications/instrumenter.rb:21:in `instrument'
/usr/local/rvm/gems/ruby-1.9.3-p125/gems/activesupport-3.1.8/lib/active_support/notifications.rb:53:in `instrument'
/usr/local/rvm/gems/ruby-1.9.3-p125/gems/actionpack-3.1.8/lib/action_view/renderer/abstract_renderer.rb:33:in `instrument'
/usr/local/rvm/gems/ruby-1.9.3-p125/gems/actionpack-3.1.8/lib/action_view/renderer/partial_renderer.rb:227:in `block in render'
/usr/local/rvm/gems/ruby-1.9.3-p125/gems/actionpack-3.1.8/lib/action_view/renderer/abstract_renderer.rb:22:in `wrap_formats'
/usr/local/rvm/gems/ruby-1.9.3-p125/gems/actionpack-3.1.8/lib/action_view/renderer/partial_renderer.rb:219:in `render'
/usr/local/rvm/gems/ruby-1.9.3-p125/gems/actionpack-3.1.8/lib/action_view/renderer/renderer.rb:41:in `render_partial'
/usr/local/rvm/gems/ruby-1.9.3-p125/gems/actionpack-3.1.8/lib/action_view/renderer/renderer.rb:15:in `render'
/usr/local/rvm/gems/ruby-1.9.3-p125/gems/actionpack-3.1.8/lib/action_view/helpers/rendering_helper.rb:24:in `render'
/opt/railsapp/elearning/app/views/ipad/tcourses/chapter.js.erb:3:in `_app_views_ipad_tcourses_chapter_js_erb___367770502_97033190'
/usr/local/rvm/gems/ruby-1.9.3-p125/gems/actionpack-3.1.8/lib/action_view/template.rb:144:in `block in render'
/usr/local/rvm/gems/ruby-1.9.3-p125/gems/activesupport-3.1.8/lib/active_support/notifications.rb:55:in `instrument'
/usr/local/rvm/gems/ruby-1.9.3-p125/gems/actionpack-3.1.8/lib/action_view/template.rb:142:in `render'
/usr/local/rvm/gems/ruby-1.9.3-p125/gems/actionpack-3.1.8/lib/action_view/renderer/template_renderer.rb:40:in `block (2 levels) in render_template'
/usr/local/rvm/gems/ruby-1.9.3-p125/gems/actionpack-3.1.8/lib/action_view/renderer/abstract_renderer.rb:33:in `block in instrument'
/usr/local/rvm/gems/ruby-1.9.3-p125/gems/activesupport-3.1.8/lib/active_support/notifications.rb:53:in `block in instrument'
/usr/local/rvm/gems/ruby-1.9.3-p125/gems/activesupport-3.1.8/lib/active_support/notifications/instrumenter.rb:21:in `instrument'
/usr/local/rvm/gems/ruby-1.9.3-p125/gems/activesupport-3.1.8/lib/active_support/notifications.rb:53:in `instrument'
/usr/local/rvm/gems/ruby-1.9.3-p125/gems/actionpack-3.1.8/lib/action_view/renderer/abstract_renderer.rb:33:in `instrument'
/usr/local/rvm/gems/ruby-1.9.3-p125/gems/actionpack-3.1.8/lib/action_view/renderer/template_renderer.rb:39:in `block in render_template'
/usr/local/rvm/gems/ruby-1.9.3-p125/gems/actionpack-3.1.8/lib/action_view/renderer/template_renderer.rb:47:in `render_with_layout'
/usr/local/rvm/gems/ruby-1.9.3-p125/gems/actionpack-3.1.8/lib/action_view/renderer/template_renderer.rb:38:in `render_template'
/usr/local/rvm/gems/ruby-1.9.3-p125/gems/actionpack-3.1.8/lib/action_view/renderer/template_renderer.rb:12:in `block in render'
/usr/local/rvm/gems/ruby-1.9.3-p125/gems/actionpack-3.1.8/lib/action_view/renderer/abstract_renderer.rb:22:in `wrap_formats'
/usr/local/rvm/gems/ruby-1.9.3-p125/gems/actionpack-3.1.8/lib/action_view/renderer/template_renderer.rb:9:in `render'
/usr/local/rvm/gems/ruby-1.9.3-p125/gems/actionpack-3.1.8/lib/action_view/renderer/renderer.rb:36:in `render_template'
/usr/local/rvm/gems/ruby-1.9.3-p125/gems/actionpack-3.1.8/lib/action_view/renderer/renderer.rb:17:in `render'
/usr/local/rvm/gems/ruby-1.9.3-p125/gems/actionpack-3.1.8/lib/abstract_controller/rendering.rb:120:in `_render_template'
/usr/local/rvm/gems/ruby-1.9.3-p125/gems/actionpack-3.1.8/lib/action_controller/metal/streaming.rb:250:in `_render_template'
/usr/local/rvm/gems/ruby-1.9.3-p125/gems/actionpack-3.1.8/lib/abstract_controller/rendering.rb:114:in `render_to_body'
/usr/local/rvm/gems/ruby-1.9.3-p125/gems/actionpack-3.1.8/lib/action_controller/metal/renderers.rb:30:in `render_to_body'
/usr/local/rvm/gems/ruby-1.9.3-p125/gems/actionpack-3.1.8/lib/action_controller/metal/compatibility.rb:43:in `render_to_body'
/usr/local/rvm/gems/ruby-1.9.3-p125/gems/actionpack-3.1.8/lib/abstract_controller/rendering.rb:99:in `render'
/usr/local/rvm/gems/ruby-1.9.3-p125/gems/actionpack-3.1.8/lib/action_controller/metal/rendering.rb:16:in `render'
/usr/local/rvm/gems/ruby-1.9.3-p125/gems/actionpack-3.1.8/lib/action_controller/metal/instrumentation.rb:40:in `block (2 levels) in render'
/usr/local/rvm/gems/ruby-1.9.3-p125/gems/activesupport-3.1.8/lib/active_support/core_ext/benchmark.rb:5:in `block in ms'
/usr/local/rvm/rubies/ruby-1.9.3-p125/lib/ruby/1.9.1/benchmark.rb:295:in `realtime'
/usr/local/rvm/gems/ruby-1.9.3-p125/gems/activesupport-3.1.8/lib/active_support/core_ext/benchmark.rb:5:in `ms'
/usr/local/rvm/gems/ruby-1.9.3-p125/gems/actionpack-3.1.8/lib/action_controller/metal/instrumentation.rb:40:in `block in render'
/usr/local/rvm/gems/ruby-1.9.3-p125/gems/actionpack-3.1.8/lib/action_controller/metal/instrumentation.rb:78:in `cleanup_view_runtime'
/usr/local/rvm/gems/ruby-1.9.3-p125/gems/activerecord-3.1.8/lib/active_record/railties/controller_runtime.rb:24:in `cleanup_view_runtime'
/usr/local/rvm/gems/ruby-1.9.3-p125/gems/actionpack-3.1.8/lib/action_controller/metal/instrumentation.rb:39:in `render'
/opt/railsapp/elearning/app/controllers/ipad/tcourses_controller.rb:36:in `block (2 levels) in show'
/usr/local/rvm/gems/ruby-1.9.3-p125/gems/actionpack-3.1.8/lib/action_controller/metal/mime_responds.rb:195:in `call'
/usr/local/rvm/gems/ruby-1.9.3-p125/gems/actionpack-3.1.8/lib/action_controller/metal/mime_responds.rb:195:in `respond_to'
/opt/railsapp/elearning/app/controllers/ipad/tcourses_controller.rb:27:in `show'
/usr/local/rvm/gems/ruby-1.9.3-p125/gems/actionpack-3.1.8/lib/action_controller/metal/implicit_render.rb:4:in `send_action'
/usr/local/rvm/gems/ruby-1.9.3-p125/gems/actionpack-3.1.8/lib/abstract_controller/base.rb:167:in `process_action'
/usr/local/rvm/gems/ruby-1.9.3-p125/gems/actionpack-3.1.8/lib/action_controller/metal/rendering.rb:10:in `process_action'
/usr/local/rvm/gems/ruby-1.9.3-p125/gems/actionpack-3.1.8/lib/abstract_controller/callbacks.rb:18:in `block in process_action'
/usr/local/rvm/gems/ruby-1.9.3-p125/gems/activesupport-3.1.8/lib/active_support/callbacks.rb:443:in `_run__761012168__process_action__949697277__callbacks'
/usr/local/rvm/gems/ruby-1.9.3-p125/gems/activesupport-3.1.8/lib/active_support/callbacks.rb:386:in `_run_process_action_callbacks'
/usr/local/rvm/gems/ruby-1.9.3-p125/gems/activesupport-3.1.8/lib/active_support/callbacks.rb:81:in `run_callbacks'
/usr/local/rvm/gems/ruby-1.9.3-p125/gems/actionpack-3.1.8/lib/abstract_controller/callbacks.rb:17:in `process_action'
/usr/local/rvm/gems/ruby-1.9.3-p125/gems/actionpack-3.1.8/lib/action_controller/metal/rescue.rb:17:in `process_action'
/usr/local/rvm/gems/ruby-1.9.3-p125/gems/actionpack-3.1.8/lib/action_controller/metal/instrumentation.rb:30:in `block in process_action'
/usr/local/rvm/gems/ruby-1.9.3-p125/gems/activesupport-3.1.8/lib/active_support/notifications.rb:53:in `block in instrument'
/usr/local/rvm/gems/ruby-1.9.3-p125/gems/activesupport-3.1.8/lib/active_support/notifications/instrumenter.rb:21:in `instrument'
/usr/local/rvm/gems/ruby-1.9.3-p125/gems/activesupport-3.1.8/lib/active_support/notifications.rb:53:in `instrument'
/usr/local/rvm/gems/ruby-1.9.3-p125/gems/actionpack-3.1.8/lib/action_controller/metal/instrumentation.rb:29:in `process_action'
/usr/local/rvm/gems/ruby-1.9.3-p125/gems/actionpack-3.1.8/lib/action_controller/metal/params_wrapper.rb:201:in `process_action'
/usr/local/rvm/gems/ruby-1.9.3-p125/gems/activerecord-3.1.8/lib/active_record/railties/controller_runtime.rb:18:in `process_action'
/usr/local/rvm/gems/ruby-1.9.3-p125/gems/actionpack-3.1.8/lib/abstract_controller/base.rb:121:in `process'
/usr/local/rvm/gems/ruby-1.9.3-p125/gems/actionpack-3.1.8/lib/abstract_controller/rendering.rb:45:in `process'
/usr/local/rvm/gems/ruby-1.9.3-p125/gems/actionpack-3.1.8/lib/action_controller/metal.rb:193:in `dispatch'
/usr/local/rvm/gems/ruby-1.9.3-p125/gems/actionpack-3.1.8/lib/action_controller/metal/rack_delegation.rb:14:in `dispatch'
/usr/local/rvm/gems/ruby-1.9.3-p125/gems/actionpack-3.1.8/lib/action_controller/metal.rb:236:in `block in action'
/usr/local/rvm/gems/ruby-1.9.3-p125/gems/actionpack-3.1.8/lib/action_dispatch/routing/route_set.rb:71:in `call'
/usr/local/rvm/gems/ruby-1.9.3-p125/gems/actionpack-3.1.8/lib/action_dispatch/routing/route_set.rb:71:in `dispatch'
/usr/local/rvm/gems/ruby-1.9.3-p125/gems/actionpack-3.1.8/lib/action_dispatch/routing/route_set.rb:35:in `call'
/usr/local/rvm/gems/ruby-1.9.3-p125/gems/rack-mount-0.8.3/lib/rack/mount/route_set.rb:152:in `block in call'
/usr/local/rvm/gems/ruby-1.9.3-p125/gems/rack-mount-0.8.3/lib/rack/mount/code_generation.rb:96:in `block in recognize'
/usr/local/rvm/gems/ruby-1.9.3-p125/gems/rack-mount-0.8.3/lib/rack/mount/code_generation.rb:96:in `optimized_each'
/usr/local/rvm/gems/ruby-1.9.3-p125/gems/rack-mount-0.8.3/lib/rack/mount/code_generation.rb:95:in `recognize'
/usr/local/rvm/gems/ruby-1.9.3-p125/gems/rack-mount-0.8.3/lib/rack/mount/route_set.rb:141:in `call'
/usr/local/rvm/gems/ruby-1.9.3-p125/gems/actionpack-3.1.8/lib/action_dispatch/routing/route_set.rb:538:in `call'
/usr/local/rvm/gems/ruby-1.9.3-p125/gems/omniauth-1.1.1/lib/omniauth/strategy.rb:177:in `call!'
/usr/local/rvm/gems/ruby-1.9.3-p125/gems/omniauth-1.1.1/lib/omniauth/strategy.rb:157:in `call'
/usr/local/rvm/gems/ruby-1.9.3-p125/gems/omniauth-1.1.1/lib/omniauth/builder.rb:48:in `call'
/usr/local/rvm/gems/ruby-1.9.3-p125/gems/warden-1.2.1/lib/warden/manager.rb:35:in `block in call'
/usr/local/rvm/gems/ruby-1.9.3-p125/gems/warden-1.2.1/lib/warden/manager.rb:34:in `catch'
/usr/local/rvm/gems/ruby-1.9.3-p125/gems/warden-1.2.1/lib/warden/manager.rb:34:in `call'
/usr/local/rvm/gems/ruby-1.9.3-p125/gems/actionpack-3.1.8/lib/action_dispatch/middleware/best_standards_support.rb:17:in `call'
/usr/local/rvm/gems/ruby-1.9.3-p125/gems/rack-1.3.6/lib/rack/etag.rb:23:in `call'
/usr/local/rvm/gems/ruby-1.9.3-p125/gems/rack-1.3.6/lib/rack/conditionalget.rb:25:in `call'
/usr/local/rvm/gems/ruby-1.9.3-p125/gems/actionpack-3.1.8/lib/action_dispatch/middleware/head.rb:14:in `call'
/usr/local/rvm/gems/ruby-1.9.3-p125/gems/actionpack-3.1.8/lib/action_dispatch/middleware/params_parser.rb:21:in `call'
/usr/local/rvm/gems/ruby-1.9.3-p125/gems/actionpack-3.1.8/lib/action_dispatch/middleware/flash.rb:243:in `call'
/usr/local/rvm/gems/ruby-1.9.3-p125/gems/rack-1.3.6/lib/rack/session/abstract/id.rb:195:in `context'
/usr/local/rvm/gems/ruby-1.9.3-p125/gems/rack-1.3.6/lib/rack/session/abstract/id.rb:190:in `call'
/usr/local/rvm/gems/ruby-1.9.3-p125/gems/actionpack-3.1.8/lib/action_dispatch/middleware/cookies.rb:331:in `call'
/usr/local/rvm/gems/ruby-1.9.3-p125/gems/activerecord-3.1.8/lib/active_record/query_cache.rb:64:in `call'
/usr/local/rvm/gems/ruby-1.9.3-p125/gems/activerecord-3.1.8/lib/active_record/connection_adapters/abstract/connection_pool.rb:477:in `call'
/usr/local/rvm/gems/ruby-1.9.3-p125/gems/actionpack-3.1.8/lib/action_dispatch/middleware/callbacks.rb:29:in `block in call'
/usr/local/rvm/gems/ruby-1.9.3-p125/gems/activesupport-3.1.8/lib/active_support/callbacks.rb:392:in `_run_call_callbacks'
/usr/local/rvm/gems/ruby-1.9.3-p125/gems/activesupport-3.1.8/lib/active_support/callbacks.rb:81:in `run_callbacks'
/usr/local/rvm/gems/ruby-1.9.3-p125/gems/actionpack-3.1.8/lib/action_dispatch/middleware/callbacks.rb:28:in `call'
/usr/local/rvm/gems/ruby-1.9.3-p125/gems/actionpack-3.1.8/lib/action_dispatch/middleware/reloader.rb:68:in `call'
/usr/local/rvm/gems/ruby-1.9.3-p125/gems/rack-1.3.6/lib/rack/sendfile.rb:101:in `call'
/usr/local/rvm/gems/ruby-1.9.3-p125/gems/actionpack-3.1.8/lib/action_dispatch/middleware/remote_ip.rb:48:in `call'
/usr/local/rvm/gems/ruby-1.9.3-p125/gems/actionpack-3.1.8/lib/action_dispatch/middleware/show_exceptions.rb:47:in `call'
/usr/local/rvm/gems/ruby-1.9.3-p125/gems/railties-3.1.8/lib/rails/rack/logger.rb:13:in `call'
/usr/local/rvm/gems/ruby-1.9.3-p125/gems/rack-1.3.6/lib/rack/methodoverride.rb:24:in `call'
/usr/local/rvm/gems/ruby-1.9.3-p125/gems/rack-1.3.6/lib/rack/runtime.rb:17:in `call'
/usr/local/rvm/gems/ruby-1.9.3-p125/gems/activesupport-3.1.8/lib/active_support/cache/strategy/local_cache.rb:72:in `call'
/usr/local/rvm/gems/ruby-1.9.3-p125/gems/rack-1.3.6/lib/rack/lock.rb:15:in `call'
/usr/local/rvm/gems/ruby-1.9.3-p125/gems/actionpack-3.1.8/lib/action_dispatch/middleware/static.rb:61:in `call'
/usr/local/rvm/gems/ruby-1.9.3-p125/gems/railties-3.1.8/lib/rails/engine.rb:456:in `call'
/usr/local/rvm/gems/ruby-1.9.3-p125/gems/railties-3.1.8/lib/rails/application.rb:143:in `call'
/usr/local/rvm/gems/ruby-1.9.3-p125/gems/railties-3.1.8/lib/rails/railtie/configurable.rb:30:in `method_missing'
/usr/local/rvm/gems/ruby-1.9.3-p125/gems/rack-1.3.6/lib/rack/lint.rb:48:in `_call'
/usr/local/rvm/gems/ruby-1.9.3-p125/gems/rack-1.3.6/lib/rack/lint.rb:36:in `call'
/usr/local/rvm/gems/ruby-1.9.3-p125/gems/rack-1.3.6/lib/rack/showexceptions.rb:24:in `call'
/usr/local/rvm/gems/ruby-1.9.3-p125/gems/rack-1.3.6/lib/rack/commonlogger.rb:20:in `call'
/usr/local/rvm/gems/ruby-1.9.3-p125/gems/rack-1.3.6/lib/rack/chunked.rb:41:in `call'
/usr/local/rvm/gems/ruby-1.9.3-p125/gems/rack-1.3.6/lib/rack/content_length.rb:14:in `call'
/usr/local/rvm/gems/ruby-1.9.3-p125/gems/unicorn-4.3.1/lib/unicorn/http_server.rb:531:in `process_client'
/usr/local/rvm/gems/ruby-1.9.3-p125/gems/unicorn-4.3.1/lib/unicorn/http_server.rb:606:in `worker_loop'
/usr/local/rvm/gems/ruby-1.9.3-p125/gems/unicorn-4.3.1/lib/unicorn/http_server.rb:487:in `spawn_missing_workers'
/usr/local/rvm/gems/ruby-1.9.3-p125/gems/unicorn-4.3.1/lib/unicorn/http_server.rb:137:in `start'
/usr/local/rvm/gems/ruby-1.9.3-p125/gems/unicorn-4.3.1/bin/unicorn:121:in `<top (required)>'
/usr/local/rvm/gems/ruby-1.9.3-p125/bin/unicorn:19:in `load'
/usr/local/rvm/gems/ruby-1.9.3-p125/bin/unicorn:19:in `<main>'
Rendered ipad/tcourses/_chapter_f.html.erb (2.8ms)
Rendered ipad/tcourses/chapter.js.erb (41.2ms)
Completed 500 Internal Server Error in 376ms

ActionView::Template::Error (/opt/railsapp/elearning/app/views/ipad/tcourses/_chapter_f.html.erb:1: syntax error, unexpected tASSOC, expecting ')'
...( link_to t("g.home"), (:show=>"nav_img"), "data-role"=>"but...
...                               ^):
    1: <%= link_to t("g.home"), (:show=>"nav_img"), "data-role"=>"button", "data-icon"=>"plus" %>
    2: <%= link_to t("g.priv"), "#",  "data-role"=>"button", "data-icon"=>"plus" %>
    3: <%= link_to t("g.next"), "#",  "data-role"=>"button", "data-icon"=>"plus" %>
  app/views/ipad/tcourses/chapter.js.erb:3:in `_app_views_ipad_tcourses_chapter_js_erb___367770502_97033190'
  app/controllers/ipad/tcourses_controller.rb:36:in `block (2 levels) in show'
  app/controllers/ipad/tcourses_controller.rb:27:in `show'

Rendered /usr/local/rvm/gems/ruby-1.9.3-p125/gems/actionpack-3.1.8/lib/action_dispatch/middleware/templates/rescues/_trace.erb (2.4ms)
Rendered /usr/local/rvm/gems/ruby-1.9.3-p125/gems/actionpack-3.1.8/lib/action_dispatch/middleware/templates/rescues/_request_and_response.erb (2.1ms)
Rendered /usr/local/rvm/gems/ruby-1.9.3-p125/gems/actionpack-3.1.8/lib/action_dispatch/middleware/templates/rescues/template_error.erb within rescues/layout (8.9ms)


Started GET "/ipad/tcourses/6?chapter=2&sclass=2&show=chapter" for 192.168.0.189 at 2012-09-25 18:23:25 +0800
  Processing by Ipad::TcoursesController#show as JS
  Parameters: {"chapter"=>"2", "sclass"=>"2", "show"=>"chapter", "id"=>"6"}
  [1m[35mUser Load (0.4ms)[0m  SELECT "users".* FROM "users" WHERE "users"."id" = 4 LIMIT 1
  [1m[36mRole Load (0.3ms)[0m  [1mSELECT "roles".* FROM "roles" INNER JOIN "roles_users" ON "roles"."id" = "roles_users"."role_id" WHERE "roles_users"."user_id" = 4[0m
  [1m[35mCourse Load (0.3ms)[0m  SELECT "courses".* FROM "courses" WHERE "courses"."id" = ? LIMIT 1  [["id", "6"]]
  [1m[36mSclass Load (0.5ms)[0m  [1mSELECT "sclasses".* FROM "sclasses" WHERE "sclasses"."id" = ? LIMIT 1[0m  [["id", "2"]]
  [1m[35mChapter Load (0.3ms)[0m  SELECT "chapters".* FROM "chapters" WHERE "chapters"."id" = ? LIMIT 1  [["id", "2"]]
Rendered ipad/tcourses/_chapter.html.erb (0.1ms)
  [1m[36mCourse Load (0.4ms)[0m  [1mSELECT "courses".* FROM "courses" WHERE "courses"."id" = 6 LIMIT 1[0m
Rendered ipad/tcourses/_chapter_t.html.erb (25.2ms)
ERROR: compiling _app_views_ipad_tcourses__chapter_f_html_erb___363056860_106023840 RAISED /opt/railsapp/elearning/app/views/ipad/tcourses/_chapter_f.html.erb:1: syntax error, unexpected tASSOC, expecting ')'
...( link_to t("g.home"), (:show=>"nav_img"), "data-role"=>"but...
...                               ^
Function body:           def _app_views_ipad_tcourses__chapter_f_html_erb___363056860_106023840(local_assigns, output_buffer)
            _old_virtual_path, @virtual_path = @virtual_path, "ipad/tcourses/_chapter_f";_old_output_buffer = @output_buffer;chapter_f = local_assigns[:chapter_f];;@output_buffer = output_buffer || ActionView::OutputBuffer.new;@output_buffer.append= ( link_to t("g.home"), (:show=>"nav_img"), "data-role"=>"button", "data-icon"=>"plus" );@output_buffer.safe_concat('
');@output_buffer.append= ( link_to t("g.priv"), "#",  "data-role"=>"button", "data-icon"=>"plus" );@output_buffer.safe_concat('
');@output_buffer.append= ( link_to t("g.next"), "#",  "data-role"=>"button", "data-icon"=>"plus" );@output_buffer.safe_concat('
');@output_buffer.to_s
          ensure
            @virtual_path, @output_buffer = _old_virtual_path, _old_output_buffer
          end
Backtrace: /usr/local/rvm/gems/ruby-1.9.3-p125/gems/actionpack-3.1.8/lib/action_view/template.rb:282:in `module_eval'
/usr/local/rvm/gems/ruby-1.9.3-p125/gems/actionpack-3.1.8/lib/action_view/template.rb:282:in `compile'
/usr/local/rvm/gems/ruby-1.9.3-p125/gems/actionpack-3.1.8/lib/action_view/template.rb:190:in `compile!'
/usr/local/rvm/gems/ruby-1.9.3-p125/gems/actionpack-3.1.8/lib/action_view/template.rb:143:in `block in render'
/usr/local/rvm/gems/ruby-1.9.3-p125/gems/activesupport-3.1.8/lib/active_support/notifications.rb:55:in `instrument'
/usr/local/rvm/gems/ruby-1.9.3-p125/gems/actionpack-3.1.8/lib/action_view/template.rb:142:in `render'
/usr/local/rvm/gems/ruby-1.9.3-p125/gems/actionpack-3.1.8/lib/action_view/renderer/partial_renderer.rb:256:in `render_partial'
/usr/local/rvm/gems/ruby-1.9.3-p125/gems/actionpack-3.1.8/lib/action_view/renderer/partial_renderer.rb:228:in `block (2 levels) in render'
/usr/local/rvm/gems/ruby-1.9.3-p125/gems/actionpack-3.1.8/lib/action_view/renderer/abstract_renderer.rb:33:in `block in instrument'
/usr/local/rvm/gems/ruby-1.9.3-p125/gems/activesupport-3.1.8/lib/active_support/notifications.rb:53:in `block in instrument'
/usr/local/rvm/gems/ruby-1.9.3-p125/gems/activesupport-3.1.8/lib/active_support/notifications/instrumenter.rb:21:in `instrument'
/usr/local/rvm/gems/ruby-1.9.3-p125/gems/activesupport-3.1.8/lib/active_support/notifications.rb:53:in `instrument'
/usr/local/rvm/gems/ruby-1.9.3-p125/gems/actionpack-3.1.8/lib/action_view/renderer/abstract_renderer.rb:33:in `instrument'
/usr/local/rvm/gems/ruby-1.9.3-p125/gems/actionpack-3.1.8/lib/action_view/renderer/partial_renderer.rb:227:in `block in render'
/usr/local/rvm/gems/ruby-1.9.3-p125/gems/actionpack-3.1.8/lib/action_view/renderer/abstract_renderer.rb:22:in `wrap_formats'
/usr/local/rvm/gems/ruby-1.9.3-p125/gems/actionpack-3.1.8/lib/action_view/renderer/partial_renderer.rb:219:in `render'
/usr/local/rvm/gems/ruby-1.9.3-p125/gems/actionpack-3.1.8/lib/action_view/renderer/renderer.rb:41:in `render_partial'
/usr/local/rvm/gems/ruby-1.9.3-p125/gems/actionpack-3.1.8/lib/action_view/renderer/renderer.rb:15:in `render'
/usr/local/rvm/gems/ruby-1.9.3-p125/gems/actionpack-3.1.8/lib/action_view/helpers/rendering_helper.rb:24:in `render'
/opt/railsapp/elearning/app/views/ipad/tcourses/chapter.js.erb:3:in `_app_views_ipad_tcourses_chapter_js_erb___367770502_97033190'
/usr/local/rvm/gems/ruby-1.9.3-p125/gems/actionpack-3.1.8/lib/action_view/template.rb:144:in `block in render'
/usr/local/rvm/gems/ruby-1.9.3-p125/gems/activesupport-3.1.8/lib/active_support/notifications.rb:55:in `instrument'
/usr/local/rvm/gems/ruby-1.9.3-p125/gems/actionpack-3.1.8/lib/action_view/template.rb:142:in `render'
/usr/local/rvm/gems/ruby-1.9.3-p125/gems/actionpack-3.1.8/lib/action_view/renderer/template_renderer.rb:40:in `block (2 levels) in render_template'
/usr/local/rvm/gems/ruby-1.9.3-p125/gems/actionpack-3.1.8/lib/action_view/renderer/abstract_renderer.rb:33:in `block in instrument'
/usr/local/rvm/gems/ruby-1.9.3-p125/gems/activesupport-3.1.8/lib/active_support/notifications.rb:53:in `block in instrument'
/usr/local/rvm/gems/ruby-1.9.3-p125/gems/activesupport-3.1.8/lib/active_support/notifications/instrumenter.rb:21:in `instrument'
/usr/local/rvm/gems/ruby-1.9.3-p125/gems/activesupport-3.1.8/lib/active_support/notifications.rb:53:in `instrument'
/usr/local/rvm/gems/ruby-1.9.3-p125/gems/actionpack-3.1.8/lib/action_view/renderer/abstract_renderer.rb:33:in `instrument'
/usr/local/rvm/gems/ruby-1.9.3-p125/gems/actionpack-3.1.8/lib/action_view/renderer/template_renderer.rb:39:in `block in render_template'
/usr/local/rvm/gems/ruby-1.9.3-p125/gems/actionpack-3.1.8/lib/action_view/renderer/template_renderer.rb:47:in `render_with_layout'
/usr/local/rvm/gems/ruby-1.9.3-p125/gems/actionpack-3.1.8/lib/action_view/renderer/template_renderer.rb:38:in `render_template'
/usr/local/rvm/gems/ruby-1.9.3-p125/gems/actionpack-3.1.8/lib/action_view/renderer/template_renderer.rb:12:in `block in render'
/usr/local/rvm/gems/ruby-1.9.3-p125/gems/actionpack-3.1.8/lib/action_view/renderer/abstract_renderer.rb:22:in `wrap_formats'
/usr/local/rvm/gems/ruby-1.9.3-p125/gems/actionpack-3.1.8/lib/action_view/renderer/template_renderer.rb:9:in `render'
/usr/local/rvm/gems/ruby-1.9.3-p125/gems/actionpack-3.1.8/lib/action_view/renderer/renderer.rb:36:in `render_template'
/usr/local/rvm/gems/ruby-1.9.3-p125/gems/actionpack-3.1.8/lib/action_view/renderer/renderer.rb:17:in `render'
/usr/local/rvm/gems/ruby-1.9.3-p125/gems/actionpack-3.1.8/lib/abstract_controller/rendering.rb:120:in `_render_template'
/usr/local/rvm/gems/ruby-1.9.3-p125/gems/actionpack-3.1.8/lib/action_controller/metal/streaming.rb:250:in `_render_template'
/usr/local/rvm/gems/ruby-1.9.3-p125/gems/actionpack-3.1.8/lib/abstract_controller/rendering.rb:114:in `render_to_body'
/usr/local/rvm/gems/ruby-1.9.3-p125/gems/actionpack-3.1.8/lib/action_controller/metal/renderers.rb:30:in `render_to_body'
/usr/local/rvm/gems/ruby-1.9.3-p125/gems/actionpack-3.1.8/lib/action_controller/metal/compatibility.rb:43:in `render_to_body'
/usr/local/rvm/gems/ruby-1.9.3-p125/gems/actionpack-3.1.8/lib/abstract_controller/rendering.rb:99:in `render'
/usr/local/rvm/gems/ruby-1.9.3-p125/gems/actionpack-3.1.8/lib/action_controller/metal/rendering.rb:16:in `render'
/usr/local/rvm/gems/ruby-1.9.3-p125/gems/actionpack-3.1.8/lib/action_controller/metal/instrumentation.rb:40:in `block (2 levels) in render'
/usr/local/rvm/gems/ruby-1.9.3-p125/gems/activesupport-3.1.8/lib/active_support/core_ext/benchmark.rb:5:in `block in ms'
/usr/local/rvm/rubies/ruby-1.9.3-p125/lib/ruby/1.9.1/benchmark.rb:295:in `realtime'
/usr/local/rvm/gems/ruby-1.9.3-p125/gems/activesupport-3.1.8/lib/active_support/core_ext/benchmark.rb:5:in `ms'
/usr/local/rvm/gems/ruby-1.9.3-p125/gems/actionpack-3.1.8/lib/action_controller/metal/instrumentation.rb:40:in `block in render'
/usr/local/rvm/gems/ruby-1.9.3-p125/gems/actionpack-3.1.8/lib/action_controller/metal/instrumentation.rb:78:in `cleanup_view_runtime'
/usr/local/rvm/gems/ruby-1.9.3-p125/gems/activerecord-3.1.8/lib/active_record/railties/controller_runtime.rb:24:in `cleanup_view_runtime'
/usr/local/rvm/gems/ruby-1.9.3-p125/gems/actionpack-3.1.8/lib/action_controller/metal/instrumentation.rb:39:in `render'
/opt/railsapp/elearning/app/controllers/ipad/tcourses_controller.rb:36:in `block (2 levels) in show'
/usr/local/rvm/gems/ruby-1.9.3-p125/gems/actionpack-3.1.8/lib/action_controller/metal/mime_responds.rb:195:in `call'
/usr/local/rvm/gems/ruby-1.9.3-p125/gems/actionpack-3.1.8/lib/action_controller/metal/mime_responds.rb:195:in `respond_to'
/opt/railsapp/elearning/app/controllers/ipad/tcourses_controller.rb:27:in `show'
/usr/local/rvm/gems/ruby-1.9.3-p125/gems/actionpack-3.1.8/lib/action_controller/metal/implicit_render.rb:4:in `send_action'
/usr/local/rvm/gems/ruby-1.9.3-p125/gems/actionpack-3.1.8/lib/abstract_controller/base.rb:167:in `process_action'
/usr/local/rvm/gems/ruby-1.9.3-p125/gems/actionpack-3.1.8/lib/action_controller/metal/rendering.rb:10:in `process_action'
/usr/local/rvm/gems/ruby-1.9.3-p125/gems/actionpack-3.1.8/lib/abstract_controller/callbacks.rb:18:in `block in process_action'
/usr/local/rvm/gems/ruby-1.9.3-p125/gems/activesupport-3.1.8/lib/active_support/callbacks.rb:443:in `_run__761012168__process_action__949697277__callbacks'
/usr/local/rvm/gems/ruby-1.9.3-p125/gems/activesupport-3.1.8/lib/active_support/callbacks.rb:386:in `_run_process_action_callbacks'
/usr/local/rvm/gems/ruby-1.9.3-p125/gems/activesupport-3.1.8/lib/active_support/callbacks.rb:81:in `run_callbacks'
/usr/local/rvm/gems/ruby-1.9.3-p125/gems/actionpack-3.1.8/lib/abstract_controller/callbacks.rb:17:in `process_action'
/usr/local/rvm/gems/ruby-1.9.3-p125/gems/actionpack-3.1.8/lib/action_controller/metal/rescue.rb:17:in `process_action'
/usr/local/rvm/gems/ruby-1.9.3-p125/gems/actionpack-3.1.8/lib/action_controller/metal/instrumentation.rb:30:in `block in process_action'
/usr/local/rvm/gems/ruby-1.9.3-p125/gems/activesupport-3.1.8/lib/active_support/notifications.rb:53:in `block in instrument'
/usr/local/rvm/gems/ruby-1.9.3-p125/gems/activesupport-3.1.8/lib/active_support/notifications/instrumenter.rb:21:in `instrument'
/usr/local/rvm/gems/ruby-1.9.3-p125/gems/activesupport-3.1.8/lib/active_support/notifications.rb:53:in `instrument'
/usr/local/rvm/gems/ruby-1.9.3-p125/gems/actionpack-3.1.8/lib/action_controller/metal/instrumentation.rb:29:in `process_action'
/usr/local/rvm/gems/ruby-1.9.3-p125/gems/actionpack-3.1.8/lib/action_controller/metal/params_wrapper.rb:201:in `process_action'
/usr/local/rvm/gems/ruby-1.9.3-p125/gems/activerecord-3.1.8/lib/active_record/railties/controller_runtime.rb:18:in `process_action'
/usr/local/rvm/gems/ruby-1.9.3-p125/gems/actionpack-3.1.8/lib/abstract_controller/base.rb:121:in `process'
/usr/local/rvm/gems/ruby-1.9.3-p125/gems/actionpack-3.1.8/lib/abstract_controller/rendering.rb:45:in `process'
/usr/local/rvm/gems/ruby-1.9.3-p125/gems/actionpack-3.1.8/lib/action_controller/metal.rb:193:in `dispatch'
/usr/local/rvm/gems/ruby-1.9.3-p125/gems/actionpack-3.1.8/lib/action_controller/metal/rack_delegation.rb:14:in `dispatch'
/usr/local/rvm/gems/ruby-1.9.3-p125/gems/actionpack-3.1.8/lib/action_controller/metal.rb:236:in `block in action'
/usr/local/rvm/gems/ruby-1.9.3-p125/gems/actionpack-3.1.8/lib/action_dispatch/routing/route_set.rb:71:in `call'
/usr/local/rvm/gems/ruby-1.9.3-p125/gems/actionpack-3.1.8/lib/action_dispatch/routing/route_set.rb:71:in `dispatch'
/usr/local/rvm/gems/ruby-1.9.3-p125/gems/actionpack-3.1.8/lib/action_dispatch/routing/route_set.rb:35:in `call'
/usr/local/rvm/gems/ruby-1.9.3-p125/gems/rack-mount-0.8.3/lib/rack/mount/route_set.rb:152:in `block in call'
/usr/local/rvm/gems/ruby-1.9.3-p125/gems/rack-mount-0.8.3/lib/rack/mount/code_generation.rb:96:in `block in recognize'
/usr/local/rvm/gems/ruby-1.9.3-p125/gems/rack-mount-0.8.3/lib/rack/mount/code_generation.rb:96:in `optimized_each'
/usr/local/rvm/gems/ruby-1.9.3-p125/gems/rack-mount-0.8.3/lib/rack/mount/code_generation.rb:95:in `recognize'
/usr/local/rvm/gems/ruby-1.9.3-p125/gems/rack-mount-0.8.3/lib/rack/mount/route_set.rb:141:in `call'
/usr/local/rvm/gems/ruby-1.9.3-p125/gems/actionpack-3.1.8/lib/action_dispatch/routing/route_set.rb:538:in `call'
/usr/local/rvm/gems/ruby-1.9.3-p125/gems/omniauth-1.1.1/lib/omniauth/strategy.rb:177:in `call!'
/usr/local/rvm/gems/ruby-1.9.3-p125/gems/omniauth-1.1.1/lib/omniauth/strategy.rb:157:in `call'
/usr/local/rvm/gems/ruby-1.9.3-p125/gems/omniauth-1.1.1/lib/omniauth/builder.rb:48:in `call'
/usr/local/rvm/gems/ruby-1.9.3-p125/gems/warden-1.2.1/lib/warden/manager.rb:35:in `block in call'
/usr/local/rvm/gems/ruby-1.9.3-p125/gems/warden-1.2.1/lib/warden/manager.rb:34:in `catch'
/usr/local/rvm/gems/ruby-1.9.3-p125/gems/warden-1.2.1/lib/warden/manager.rb:34:in `call'
/usr/local/rvm/gems/ruby-1.9.3-p125/gems/actionpack-3.1.8/lib/action_dispatch/middleware/best_standards_support.rb:17:in `call'
/usr/local/rvm/gems/ruby-1.9.3-p125/gems/rack-1.3.6/lib/rack/etag.rb:23:in `call'
/usr/local/rvm/gems/ruby-1.9.3-p125/gems/rack-1.3.6/lib/rack/conditionalget.rb:25:in `call'
/usr/local/rvm/gems/ruby-1.9.3-p125/gems/actionpack-3.1.8/lib/action_dispatch/middleware/head.rb:14:in `call'
/usr/local/rvm/gems/ruby-1.9.3-p125/gems/actionpack-3.1.8/lib/action_dispatch/middleware/params_parser.rb:21:in `call'
/usr/local/rvm/gems/ruby-1.9.3-p125/gems/actionpack-3.1.8/lib/action_dispatch/middleware/flash.rb:243:in `call'
/usr/local/rvm/gems/ruby-1.9.3-p125/gems/rack-1.3.6/lib/rack/session/abstract/id.rb:195:in `context'
/usr/local/rvm/gems/ruby-1.9.3-p125/gems/rack-1.3.6/lib/rack/session/abstract/id.rb:190:in `call'
/usr/local/rvm/gems/ruby-1.9.3-p125/gems/actionpack-3.1.8/lib/action_dispatch/middleware/cookies.rb:331:in `call'
/usr/local/rvm/gems/ruby-1.9.3-p125/gems/activerecord-3.1.8/lib/active_record/query_cache.rb:64:in `call'
/usr/local/rvm/gems/ruby-1.9.3-p125/gems/activerecord-3.1.8/lib/active_record/connection_adapters/abstract/connection_pool.rb:477:in `call'
/usr/local/rvm/gems/ruby-1.9.3-p125/gems/actionpack-3.1.8/lib/action_dispatch/middleware/callbacks.rb:29:in `block in call'
/usr/local/rvm/gems/ruby-1.9.3-p125/gems/activesupport-3.1.8/lib/active_support/callbacks.rb:392:in `_run_call_callbacks'
/usr/local/rvm/gems/ruby-1.9.3-p125/gems/activesupport-3.1.8/lib/active_support/callbacks.rb:81:in `run_callbacks'
/usr/local/rvm/gems/ruby-1.9.3-p125/gems/actionpack-3.1.8/lib/action_dispatch/middleware/callbacks.rb:28:in `call'
/usr/local/rvm/gems/ruby-1.9.3-p125/gems/actionpack-3.1.8/lib/action_dispatch/middleware/reloader.rb:68:in `call'
/usr/local/rvm/gems/ruby-1.9.3-p125/gems/rack-1.3.6/lib/rack/sendfile.rb:101:in `call'
/usr/local/rvm/gems/ruby-1.9.3-p125/gems/actionpack-3.1.8/lib/action_dispatch/middleware/remote_ip.rb:48:in `call'
/usr/local/rvm/gems/ruby-1.9.3-p125/gems/actionpack-3.1.8/lib/action_dispatch/middleware/show_exceptions.rb:47:in `call'
/usr/local/rvm/gems/ruby-1.9.3-p125/gems/railties-3.1.8/lib/rails/rack/logger.rb:13:in `call'
/usr/local/rvm/gems/ruby-1.9.3-p125/gems/rack-1.3.6/lib/rack/methodoverride.rb:24:in `call'
/usr/local/rvm/gems/ruby-1.9.3-p125/gems/rack-1.3.6/lib/rack/runtime.rb:17:in `call'
/usr/local/rvm/gems/ruby-1.9.3-p125/gems/activesupport-3.1.8/lib/active_support/cache/strategy/local_cache.rb:72:in `call'
/usr/local/rvm/gems/ruby-1.9.3-p125/gems/rack-1.3.6/lib/rack/lock.rb:15:in `call'
/usr/local/rvm/gems/ruby-1.9.3-p125/gems/actionpack-3.1.8/lib/action_dispatch/middleware/static.rb:61:in `call'
/usr/local/rvm/gems/ruby-1.9.3-p125/gems/railties-3.1.8/lib/rails/engine.rb:456:in `call'
/usr/local/rvm/gems/ruby-1.9.3-p125/gems/railties-3.1.8/lib/rails/application.rb:143:in `call'
/usr/local/rvm/gems/ruby-1.9.3-p125/gems/railties-3.1.8/lib/rails/railtie/configurable.rb:30:in `method_missing'
/usr/local/rvm/gems/ruby-1.9.3-p125/gems/rack-1.3.6/lib/rack/lint.rb:48:in `_call'
/usr/local/rvm/gems/ruby-1.9.3-p125/gems/rack-1.3.6/lib/rack/lint.rb:36:in `call'
/usr/local/rvm/gems/ruby-1.9.3-p125/gems/rack-1.3.6/lib/rack/showexceptions.rb:24:in `call'
/usr/local/rvm/gems/ruby-1.9.3-p125/gems/rack-1.3.6/lib/rack/commonlogger.rb:20:in `call'
/usr/local/rvm/gems/ruby-1.9.3-p125/gems/rack-1.3.6/lib/rack/chunked.rb:41:in `call'
/usr/local/rvm/gems/ruby-1.9.3-p125/gems/rack-1.3.6/lib/rack/content_length.rb:14:in `call'
/usr/local/rvm/gems/ruby-1.9.3-p125/gems/unicorn-4.3.1/lib/unicorn/http_server.rb:531:in `process_client'
/usr/local/rvm/gems/ruby-1.9.3-p125/gems/unicorn-4.3.1/lib/unicorn/http_server.rb:606:in `worker_loop'
/usr/local/rvm/gems/ruby-1.9.3-p125/gems/unicorn-4.3.1/lib/unicorn/http_server.rb:487:in `spawn_missing_workers'
/usr/local/rvm/gems/ruby-1.9.3-p125/gems/unicorn-4.3.1/lib/unicorn/http_server.rb:137:in `start'
/usr/local/rvm/gems/ruby-1.9.3-p125/gems/unicorn-4.3.1/bin/unicorn:121:in `<top (required)>'
/usr/local/rvm/gems/ruby-1.9.3-p125/bin/unicorn:19:in `load'
/usr/local/rvm/gems/ruby-1.9.3-p125/bin/unicorn:19:in `<main>'
Rendered ipad/tcourses/_chapter_f.html.erb (1.4ms)
Rendered ipad/tcourses/chapter.js.erb (29.8ms)
Completed 500 Internal Server Error in 327ms

ActionView::Template::Error (/opt/railsapp/elearning/app/views/ipad/tcourses/_chapter_f.html.erb:1: syntax error, unexpected tASSOC, expecting ')'
...( link_to t("g.home"), (:show=>"nav_img"), "data-role"=>"but...
...                               ^):
    1: <%= link_to t("g.home"), (:show=>"nav_img"), "data-role"=>"button", "data-icon"=>"plus" %>
    2: <%= link_to t("g.priv"), "#",  "data-role"=>"button", "data-icon"=>"plus" %>
    3: <%= link_to t("g.next"), "#",  "data-role"=>"button", "data-icon"=>"plus" %>
  app/views/ipad/tcourses/chapter.js.erb:3:in `_app_views_ipad_tcourses_chapter_js_erb___367770502_97033190'
  app/controllers/ipad/tcourses_controller.rb:36:in `block (2 levels) in show'
  app/controllers/ipad/tcourses_controller.rb:27:in `show'

Rendered /usr/local/rvm/gems/ruby-1.9.3-p125/gems/actionpack-3.1.8/lib/action_dispatch/middleware/templates/rescues/_trace.erb (2.3ms)
Rendered /usr/local/rvm/gems/ruby-1.9.3-p125/gems/actionpack-3.1.8/lib/action_dispatch/middleware/templates/rescues/_request_and_response.erb (2.1ms)
Rendered /usr/local/rvm/gems/ruby-1.9.3-p125/gems/actionpack-3.1.8/lib/action_dispatch/middleware/templates/rescues/template_error.erb within rescues/layout (8.1ms)


Started GET "/ipad/tcourses/6?chapter=2&sclass=2&show=chapter" for 192.168.0.189 at 2012-09-25 18:25:11 +0800
  Processing by Ipad::TcoursesController#show as JS
  Parameters: {"chapter"=>"2", "sclass"=>"2", "show"=>"chapter", "id"=>"6"}
  [1m[35mUser Load (0.4ms)[0m  SELECT "users".* FROM "users" WHERE "users"."id" = 4 LIMIT 1
  [1m[36mRole Load (0.3ms)[0m  [1mSELECT "roles".* FROM "roles" INNER JOIN "roles_users" ON "roles"."id" = "roles_users"."role_id" WHERE "roles_users"."user_id" = 4[0m
  [1m[35mCourse Load (0.3ms)[0m  SELECT "courses".* FROM "courses" WHERE "courses"."id" = ? LIMIT 1  [["id", "6"]]
  [1m[36mSclass Load (0.3ms)[0m  [1mSELECT "sclasses".* FROM "sclasses" WHERE "sclasses"."id" = ? LIMIT 1[0m  [["id", "2"]]
  [1m[35mChapter Load (0.9ms)[0m  SELECT "chapters".* FROM "chapters" WHERE "chapters"."id" = ? LIMIT 1  [["id", "2"]]
Rendered ipad/tcourses/_chapter.html.erb (0.1ms)
  [1m[36mCourse Load (0.3ms)[0m  [1mSELECT "courses".* FROM "courses" WHERE "courses"."id" = 6 LIMIT 1[0m
Rendered ipad/tcourses/_chapter_t.html.erb (42.4ms)
Rendered ipad/tcourses/_chapter_f.html.erb (136.1ms)
Rendered ipad/tcourses/chapter.js.erb (187.4ms)
Completed 500 Internal Server Error in 524ms

ActionView::Template::Error (undefined method `current_url' for #<#<Class:0xc947774>:0xc95313c>):
    1: <%= link_to t("g.home"), current_url(:show=>"nav_img"), "data-role"=>"button", "data-icon"=>"plus" %>
    2: <%= link_to t("g.priv"), "#",  "data-role"=>"button", "data-icon"=>"plus" %>
    3: <%= link_to t("g.next"), "#",  "data-role"=>"button", "data-icon"=>"plus" %>
  app/views/ipad/tcourses/_chapter_f.html.erb:1:in `_app_views_ipad_tcourses__chapter_f_html_erb___363056860_105914630'
  app/views/ipad/tcourses/chapter.js.erb:3:in `_app_views_ipad_tcourses_chapter_js_erb___367770502_97033190'
  app/controllers/ipad/tcourses_controller.rb:36:in `block (2 levels) in show'
  app/controllers/ipad/tcourses_controller.rb:27:in `show'

Rendered /usr/local/rvm/gems/ruby-1.9.3-p125/gems/actionpack-3.1.8/lib/action_dispatch/middleware/templates/rescues/_trace.erb (2.3ms)
Rendered /usr/local/rvm/gems/ruby-1.9.3-p125/gems/actionpack-3.1.8/lib/action_dispatch/middleware/templates/rescues/_request_and_response.erb (5.1ms)
Rendered /usr/local/rvm/gems/ruby-1.9.3-p125/gems/actionpack-3.1.8/lib/action_dispatch/middleware/templates/rescues/template_error.erb within rescues/layout (12.9ms)


Started GET "/ipad/tcourses/6?chapter=3&sclass=1&show=chapter" for 192.168.0.189 at 2012-09-25 18:25:13 +0800
  Processing by Ipad::TcoursesController#show as JS
  Parameters: {"chapter"=>"3", "sclass"=>"1", "show"=>"chapter", "id"=>"6"}
  [1m[35mUser Load (0.4ms)[0m  SELECT "users".* FROM "users" WHERE "users"."id" = 4 LIMIT 1
  [1m[36mRole Load (0.3ms)[0m  [1mSELECT "roles".* FROM "roles" INNER JOIN "roles_users" ON "roles"."id" = "roles_users"."role_id" WHERE "roles_users"."user_id" = 4[0m
  [1m[35mCourse Load (0.4ms)[0m  SELECT "courses".* FROM "courses" WHERE "courses"."id" = ? LIMIT 1  [["id", "6"]]
  [1m[36mSclass Load (0.3ms)[0m  [1mSELECT "sclasses".* FROM "sclasses" WHERE "sclasses"."id" = ? LIMIT 1[0m  [["id", "1"]]
  [1m[35mChapter Load (1.4ms)[0m  SELECT "chapters".* FROM "chapters" WHERE "chapters"."id" = ? LIMIT 1  [["id", "3"]]
Rendered ipad/tcourses/_chapter.html.erb (0.1ms)
  [1m[36mCourse Load (0.3ms)[0m  [1mSELECT "courses".* FROM "courses" WHERE "courses"."id" = 6 LIMIT 1[0m
Rendered ipad/tcourses/_chapter_t.html.erb (38.1ms)
Rendered ipad/tcourses/_chapter_f.html.erb (135.7ms)
Rendered ipad/tcourses/chapter.js.erb (180.7ms)
Completed 500 Internal Server Error in 509ms

ActionView::Template::Error (undefined method `current_url' for #<#<Class:0xc9283ec>:0xc933bfc>):
    1: <%= link_to t("g.home"), current_url(:show=>"nav_img"), "data-role"=>"button", "data-icon"=>"plus" %>
    2: <%= link_to t("g.priv"), "#",  "data-role"=>"button", "data-icon"=>"plus" %>
    3: <%= link_to t("g.next"), "#",  "data-role"=>"button", "data-icon"=>"plus" %>
  app/views/ipad/tcourses/_chapter_f.html.erb:1:in `_app_views_ipad_tcourses__chapter_f_html_erb___363056860_105914630'
  app/views/ipad/tcourses/chapter.js.erb:3:in `_app_views_ipad_tcourses_chapter_js_erb___367770502_97033190'
  app/controllers/ipad/tcourses_controller.rb:36:in `block (2 levels) in show'
  app/controllers/ipad/tcourses_controller.rb:27:in `show'

Rendered /usr/local/rvm/gems/ruby-1.9.3-p125/gems/actionpack-3.1.8/lib/action_dispatch/middleware/templates/rescues/_trace.erb (2.3ms)
Rendered /usr/local/rvm/gems/ruby-1.9.3-p125/gems/actionpack-3.1.8/lib/action_dispatch/middleware/templates/rescues/_request_and_response.erb (3.4ms)
Rendered /usr/local/rvm/gems/ruby-1.9.3-p125/gems/actionpack-3.1.8/lib/action_dispatch/middleware/templates/rescues/template_error.erb within rescues/layout (10.2ms)


Started GET "/ipad/tcourses/6?chapter=2&sclass=2&show=chapter" for 192.168.0.189 at 2012-09-25 18:25:15 +0800
  Processing by Ipad::TcoursesController#show as JS
  Parameters: {"chapter"=>"2", "sclass"=>"2", "show"=>"chapter", "id"=>"6"}
  [1m[35mUser Load (0.4ms)[0m  SELECT "users".* FROM "users" WHERE "users"."id" = 4 LIMIT 1
  [1m[36mRole Load (0.3ms)[0m  [1mSELECT "roles".* FROM "roles" INNER JOIN "roles_users" ON "roles"."id" = "roles_users"."role_id" WHERE "roles_users"."user_id" = 4[0m
  [1m[35mCourse Load (0.3ms)[0m  SELECT "courses".* FROM "courses" WHERE "courses"."id" = ? LIMIT 1  [["id", "6"]]
  [1m[36mSclass Load (1.6ms)[0m  [1mSELECT "sclasses".* FROM "sclasses" WHERE "sclasses"."id" = ? LIMIT 1[0m  [["id", "2"]]
  [1m[35mChapter Load (0.4ms)[0m  SELECT "chapters".* FROM "chapters" WHERE "chapters"."id" = ? LIMIT 1  [["id", "2"]]
Rendered ipad/tcourses/_chapter.html.erb (0.1ms)
  [1m[36mCourse Load (0.7ms)[0m  [1mSELECT "courses".* FROM "courses" WHERE "courses"."id" = 6 LIMIT 1[0m
Rendered ipad/tcourses/_chapter_t.html.erb (37.7ms)
Rendered ipad/tcourses/_chapter_f.html.erb (128.6ms)
Rendered ipad/tcourses/chapter.js.erb (175.4ms)
Completed 500 Internal Server Error in 509ms

ActionView::Template::Error (undefined method `current_url' for #<#<Class:0xc8448a4>:0xc8e21e4>):
    1: <%= link_to t("g.home"), current_url(:show=>"nav_img"), "data-role"=>"button", "data-icon"=>"plus" %>
    2: <%= link_to t("g.priv"), "#",  "data-role"=>"button", "data-icon"=>"plus" %>
    3: <%= link_to t("g.next"), "#",  "data-role"=>"button", "data-icon"=>"plus" %>
  app/views/ipad/tcourses/_chapter_f.html.erb:1:in `_app_views_ipad_tcourses__chapter_f_html_erb___363056860_105914630'
  app/views/ipad/tcourses/chapter.js.erb:3:in `_app_views_ipad_tcourses_chapter_js_erb___367770502_97033190'
  app/controllers/ipad/tcourses_controller.rb:36:in `block (2 levels) in show'
  app/controllers/ipad/tcourses_controller.rb:27:in `show'

Rendered /usr/local/rvm/gems/ruby-1.9.3-p125/gems/actionpack-3.1.8/lib/action_dispatch/middleware/templates/rescues/_trace.erb (2.3ms)
Rendered /usr/local/rvm/gems/ruby-1.9.3-p125/gems/actionpack-3.1.8/lib/action_dispatch/middleware/templates/rescues/_request_and_response.erb (4.3ms)
Rendered /usr/local/rvm/gems/ruby-1.9.3-p125/gems/actionpack-3.1.8/lib/action_dispatch/middleware/templates/rescues/template_error.erb within rescues/layout (11.0ms)


Started GET "/ipad/tcourses/6?chapter=2&sclass=2&show=chapter" for 192.168.0.189 at 2012-09-25 18:26:12 +0800
  Processing by Ipad::TcoursesController#show as JS
  Parameters: {"chapter"=>"2", "sclass"=>"2", "show"=>"chapter", "id"=>"6"}
  [1m[35mUser Load (0.4ms)[0m  SELECT "users".* FROM "users" WHERE "users"."id" = 4 LIMIT 1
  [1m[36mRole Load (0.3ms)[0m  [1mSELECT "roles".* FROM "roles" INNER JOIN "roles_users" ON "roles"."id" = "roles_users"."role_id" WHERE "roles_users"."user_id" = 4[0m
  [1m[35mCourse Load (0.4ms)[0m  SELECT "courses".* FROM "courses" WHERE "courses"."id" = ? LIMIT 1  [["id", "6"]]
  [1m[36mSclass Load (0.3ms)[0m  [1mSELECT "sclasses".* FROM "sclasses" WHERE "sclasses"."id" = ? LIMIT 1[0m  [["id", "2"]]
  [1m[35mChapter Load (0.3ms)[0m  SELECT "chapters".* FROM "chapters" WHERE "chapters"."id" = ? LIMIT 1  [["id", "2"]]
Rendered ipad/tcourses/_chapter.html.erb (0.1ms)
  [1m[36mCourse Load (0.8ms)[0m  [1mSELECT "courses".* FROM "courses" WHERE "courses"."id" = 6 LIMIT 1[0m
Rendered ipad/tcourses/_chapter_t.html.erb (39.9ms)
Rendered ipad/tcourses/_chapter_f.html.erb (3.5ms)
Rendered ipad/tcourses/chapter.js.erb (54.7ms)
Completed 200 OK in 408ms (Views: 65.3ms | ActiveRecord: 8.4ms)


Started GET "/ipad/tcourses/6?chapter=2&sclass=2&show=chapter" for 192.168.0.189 at 2012-09-25 18:33:39 +0800
  Processing by Ipad::TcoursesController#show as JS
  Parameters: {"chapter"=>"2", "sclass"=>"2", "show"=>"chapter", "id"=>"6"}
  [1m[35mUser Load (0.4ms)[0m  SELECT "users".* FROM "users" WHERE "users"."id" = 4 LIMIT 1
  [1m[36mRole Load (0.3ms)[0m  [1mSELECT "roles".* FROM "roles" INNER JOIN "roles_users" ON "roles"."id" = "roles_users"."role_id" WHERE "roles_users"."user_id" = 4[0m
  [1m[35mCourse Load (0.3ms)[0m  SELECT "courses".* FROM "courses" WHERE "courses"."id" = ? LIMIT 1  [["id", "6"]]
  [1m[36mSclass Load (0.3ms)[0m  [1mSELECT "sclasses".* FROM "sclasses" WHERE "sclasses"."id" = ? LIMIT 1[0m  [["id", "2"]]
  [1m[35mChapter Load (0.3ms)[0m  SELECT "chapters".* FROM "chapters" WHERE "chapters"."id" = ? LIMIT 1  [["id", "2"]]
Rendered ipad/tcourses/_chapter.html.erb (0.1ms)
  [1m[36mCourse Load (0.4ms)[0m  [1mSELECT "courses".* FROM "courses" WHERE "courses"."id" = 6 LIMIT 1[0m
Rendered ipad/tcourses/_chapter_t.html.erb (26.9ms)
Rendered ipad/tcourses/_chapter_f.html.erb (3.3ms)
Rendered ipad/tcourses/chapter.js.erb (34.1ms)
Completed 200 OK in 308ms (Views: 43.2ms | ActiveRecord: 7.7ms)


Started GET "/ipad/tcourses/6?chapter=2&direct=next&postion=1&show=nav_img" for 192.168.0.189 at 2012-09-25 18:34:45 +0800
  Processing by Ipad::TcoursesController#show as HTML
  Parameters: {"chapter"=>"2", "direct"=>"next", "postion"=>"1", "show"=>"nav_img", "id"=>"6"}
  [1m[35mUser Load (0.5ms)[0m  SELECT "users".* FROM "users" WHERE "users"."id" = 4 LIMIT 1
  [1m[36mRole Load (0.3ms)[0m  [1mSELECT "roles".* FROM "roles" INNER JOIN "roles_users" ON "roles"."id" = "roles_users"."role_id" WHERE "roles_users"."user_id" = 4[0m
  [1m[35mCourse Load (0.3ms)[0m  SELECT "courses".* FROM "courses" WHERE "courses"."id" = ? LIMIT 1  [["id", "6"]]
Completed 404 Not Found in 264ms

ActiveRecord::RecordNotFound (Couldn't find Sclass without an ID):
  app/controllers/ipad/tcourses_controller.rb:26:in `show'

Rendered /usr/local/rvm/gems/ruby-1.9.3-p125/gems/actionpack-3.1.8/lib/action_dispatch/middleware/templates/rescues/_trace.erb (2.2ms)
Rendered /usr/local/rvm/gems/ruby-1.9.3-p125/gems/actionpack-3.1.8/lib/action_dispatch/middleware/templates/rescues/_request_and_response.erb (5.4ms)
Rendered /usr/local/rvm/gems/ruby-1.9.3-p125/gems/actionpack-3.1.8/lib/action_dispatch/middleware/templates/rescues/diagnostics.erb within rescues/layout (12.4ms)


Started GET "/ipad/tcourses/6?chapter=2&sclass=2&show=chapter" for 192.168.0.189 at 2012-09-25 18:37:55 +0800
  Processing by Ipad::TcoursesController#show as JS
  Parameters: {"chapter"=>"2", "sclass"=>"2", "show"=>"chapter", "id"=>"6"}
  [1m[36mUser Load (0.4ms)[0m  [1mSELECT "users".* FROM "users" WHERE "users"."id" = 4 LIMIT 1[0m
  [1m[35mRole Load (0.3ms)[0m  SELECT "roles".* FROM "roles" INNER JOIN "roles_users" ON "roles"."id" = "roles_users"."role_id" WHERE "roles_users"."user_id" = 4
  [1m[36mCourse Load (0.3ms)[0m  [1mSELECT "courses".* FROM "courses" WHERE "courses"."id" = ? LIMIT 1[0m  [["id", "6"]]
  [1m[35mSclass Load (0.3ms)[0m  SELECT "sclasses".* FROM "sclasses" WHERE "sclasses"."id" = ? LIMIT 1  [["id", "2"]]
  [1m[36mChapter Load (0.3ms)[0m  [1mSELECT "chapters".* FROM "chapters" WHERE "chapters"."id" = ? LIMIT 1[0m  [["id", "2"]]
Rendered ipad/tcourses/_chapter.html.erb (0.1ms)
  [1m[35mCourse Load (0.4ms)[0m  SELECT "courses".* FROM "courses" WHERE "courses"."id" = 6 LIMIT 1
Rendered ipad/tcourses/_chapter_t.html.erb (53.0ms)
Rendered ipad/tcourses/_chapter_f.html.erb (19.7ms)
Rendered ipad/tcourses/chapter.js.erb (153.4ms)
Completed 200 OK in 450ms (Views: 162.0ms | ActiveRecord: 7.5ms)


Started GET "/ipad/tcourses/6?chapter=2&direct=next&postion=1&sclass=2&show=nav_img" for 192.168.0.189 at 2012-09-25 18:38:20 +0800
  Processing by Ipad::TcoursesController#show as JS
  Parameters: {"chapter"=>"2", "direct"=>"next", "postion"=>"1", "sclass"=>"2", "show"=>"nav_img", "id"=>"6"}
  [1m[36mUser Load (0.4ms)[0m  [1mSELECT "users".* FROM "users" WHERE "users"."id" = 4 LIMIT 1[0m
  [1m[35mRole Load (0.3ms)[0m  SELECT "roles".* FROM "roles" INNER JOIN "roles_users" ON "roles"."id" = "roles_users"."role_id" WHERE "roles_users"."user_id" = 4
  [1m[36mCourse Load (1.0ms)[0m  [1mSELECT "courses".* FROM "courses" WHERE "courses"."id" = ? LIMIT 1[0m  [["id", "6"]]
  [1m[35mSclass Load (0.3ms)[0m  SELECT "sclasses".* FROM "sclasses" WHERE "sclasses"."id" = ? LIMIT 1  [["id", "2"]]
Completed 500 Internal Server Error in 226ms

NoMethodError (undefined method `+' for nil:NilClass):
  app/controllers/ipad/tcourses_controller.rb:43:in `block in show'
  app/controllers/ipad/tcourses_controller.rb:27:in `show'

Rendered /usr/local/rvm/gems/ruby-1.9.3-p125/gems/actionpack-3.1.8/lib/action_dispatch/middleware/templates/rescues/_trace.erb (2.1ms)
Rendered /usr/local/rvm/gems/ruby-1.9.3-p125/gems/actionpack-3.1.8/lib/action_dispatch/middleware/templates/rescues/_request_and_response.erb (2.2ms)
Rendered /usr/local/rvm/gems/ruby-1.9.3-p125/gems/actionpack-3.1.8/lib/action_dispatch/middleware/templates/rescues/diagnostics.erb within rescues/layout (7.7ms)


Started GET "/ipad/tcourses/6?chapter=2&sclass=2&show=chapter" for 192.168.0.189 at 2012-09-25 18:39:39 +0800
  Processing by Ipad::TcoursesController#show as JS
  Parameters: {"chapter"=>"2", "sclass"=>"2", "show"=>"chapter", "id"=>"6"}
  [1m[36mUser Load (0.4ms)[0m  [1mSELECT "users".* FROM "users" WHERE "users"."id" = 4 LIMIT 1[0m
  [1m[35mRole Load (0.3ms)[0m  SELECT "roles".* FROM "roles" INNER JOIN "roles_users" ON "roles"."id" = "roles_users"."role_id" WHERE "roles_users"."user_id" = 4
  [1m[36mCourse Load (0.3ms)[0m  [1mSELECT "courses".* FROM "courses" WHERE "courses"."id" = ? LIMIT 1[0m  [["id", "6"]]
  [1m[35mSclass Load (0.3ms)[0m  SELECT "sclasses".* FROM "sclasses" WHERE "sclasses"."id" = ? LIMIT 1  [["id", "2"]]
  [1m[36mChapter Load (0.3ms)[0m  [1mSELECT "chapters".* FROM "chapters" WHERE "chapters"."id" = ? LIMIT 1[0m  [["id", "2"]]
Rendered ipad/tcourses/_chapter.html.erb (0.1ms)
  [1m[35mCourse Load (0.4ms)[0m  SELECT "courses".* FROM "courses" WHERE "courses"."id" = 6 LIMIT 1
Rendered ipad/tcourses/_chapter_t.html.erb (25.7ms)
Rendered ipad/tcourses/_chapter_f.html.erb (19.6ms)
Rendered ipad/tcourses/chapter.js.erb (50.9ms)
Completed 200 OK in 347ms (Views: 134.8ms | ActiveRecord: 7.5ms)


Started GET "/ipad/tcourses/6?chapter=2&direct=next&postion=1&sclass=2&show=nav_img" for 192.168.0.189 at 2012-09-25 18:39:42 +0800
  Processing by Ipad::TcoursesController#show as JS
  Parameters: {"chapter"=>"2", "direct"=>"next", "postion"=>"1", "sclass"=>"2", "show"=>"nav_img", "id"=>"6"}
  [1m[36mUser Load (0.4ms)[0m  [1mSELECT "users".* FROM "users" WHERE "users"."id" = 4 LIMIT 1[0m
  [1m[35mRole Load (0.3ms)[0m  SELECT "roles".* FROM "roles" INNER JOIN "roles_users" ON "roles"."id" = "roles_users"."role_id" WHERE "roles_users"."user_id" = 4
  [1m[36mCourse Load (0.4ms)[0m  [1mSELECT "courses".* FROM "courses" WHERE "courses"."id" = ? LIMIT 1[0m  [["id", "6"]]
  [1m[35mSclass Load (0.9ms)[0m  SELECT "sclasses".* FROM "sclasses" WHERE "sclasses"."id" = ? LIMIT 1  [["id", "2"]]
  [1m[36mChapter Load (0.3ms)[0m  [1mSELECT "chapters".* FROM "chapters" WHERE "chapters"."id" = ? LIMIT 1[0m  [["id", "2"]]
Completed 500 Internal Server Error in 299ms

NoMethodError (undefined method `+' for nil:NilClass):
  app/controllers/ipad/tcourses_controller.rb:44:in `block in show'
  app/controllers/ipad/tcourses_controller.rb:27:in `show'

Rendered /usr/local/rvm/gems/ruby-1.9.3-p125/gems/actionpack-3.1.8/lib/action_dispatch/middleware/templates/rescues/_trace.erb (2.2ms)
Rendered /usr/local/rvm/gems/ruby-1.9.3-p125/gems/actionpack-3.1.8/lib/action_dispatch/middleware/templates/rescues/_request_and_response.erb (5.8ms)
Rendered /usr/local/rvm/gems/ruby-1.9.3-p125/gems/actionpack-3.1.8/lib/action_dispatch/middleware/templates/rescues/diagnostics.erb within rescues/layout (13.5ms)


Started GET "/ipad/tcourses/6?chapter=2&sclass=2&show=chapter" for 192.168.0.189 at 2012-09-25 18:40:56 +0800
  Processing by Ipad::TcoursesController#show as JS
  Parameters: {"chapter"=>"2", "sclass"=>"2", "show"=>"chapter", "id"=>"6"}
  [1m[35mUser Load (0.4ms)[0m  SELECT "users".* FROM "users" WHERE "users"."id" = 4 LIMIT 1
  [1m[36mRole Load (0.3ms)[0m  [1mSELECT "roles".* FROM "roles" INNER JOIN "roles_users" ON "roles"."id" = "roles_users"."role_id" WHERE "roles_users"."user_id" = 4[0m
  [1m[35mCourse Load (0.4ms)[0m  SELECT "courses".* FROM "courses" WHERE "courses"."id" = ? LIMIT 1  [["id", "6"]]
  [1m[36mSclass Load (0.3ms)[0m  [1mSELECT "sclasses".* FROM "sclasses" WHERE "sclasses"."id" = ? LIMIT 1[0m  [["id", "2"]]
  [1m[35mChapter Load (0.3ms)[0m  SELECT "chapters".* FROM "chapters" WHERE "chapters"."id" = ? LIMIT 1  [["id", "2"]]
Rendered ipad/tcourses/_chapter.html.erb (0.1ms)
  [1m[36mCourse Load (0.9ms)[0m  [1mSELECT "courses".* FROM "courses" WHERE "courses"."id" = 6 LIMIT 1[0m
Rendered ipad/tcourses/_chapter_t.html.erb (34.3ms)
Rendered ipad/tcourses/_chapter_f.html.erb (32.1ms)
Rendered ipad/tcourses/chapter.js.erb (72.7ms)
Completed 200 OK in 485ms (Views: 165.0ms | ActiveRecord: 8.8ms)


Started GET "/ipad/tcourses/6?chapter=2&direct=next&position=1&sclass=2&show=nav_img" for 192.168.0.189 at 2012-09-25 18:41:02 +0800
  Processing by Ipad::TcoursesController#show as JS
  Parameters: {"chapter"=>"2", "direct"=>"next", "position"=>"1", "sclass"=>"2", "show"=>"nav_img", "id"=>"6"}
  [1m[35mUser Load (0.4ms)[0m  SELECT "users".* FROM "users" WHERE "users"."id" = 4 LIMIT 1
  [1m[36mRole Load (0.3ms)[0m  [1mSELECT "roles".* FROM "roles" INNER JOIN "roles_users" ON "roles"."id" = "roles_users"."role_id" WHERE "roles_users"."user_id" = 4[0m
  [1m[35mCourse Load (0.4ms)[0m  SELECT "courses".* FROM "courses" WHERE "courses"."id" = ? LIMIT 1  [["id", "6"]]
  [1m[36mSclass Load (0.3ms)[0m  [1mSELECT "sclasses".* FROM "sclasses" WHERE "sclasses"."id" = ? LIMIT 1[0m  [["id", "2"]]
  [1m[35mChapter Load (0.3ms)[0m  SELECT "chapters".* FROM "chapters" WHERE "chapters"."id" = ? LIMIT 1  [["id", "2"]]
Completed 500 Internal Server Error in 294ms

TypeError (can't convert Fixnum into String):
  app/controllers/ipad/tcourses_controller.rb:44:in `+'
  app/controllers/ipad/tcourses_controller.rb:44:in `block in show'
  app/controllers/ipad/tcourses_controller.rb:27:in `show'

Rendered /usr/local/rvm/gems/ruby-1.9.3-p125/gems/actionpack-3.1.8/lib/action_dispatch/middleware/templates/rescues/_trace.erb (2.2ms)
Rendered /usr/local/rvm/gems/ruby-1.9.3-p125/gems/actionpack-3.1.8/lib/action_dispatch/middleware/templates/rescues/_request_and_response.erb (5.6ms)
Rendered /usr/local/rvm/gems/ruby-1.9.3-p125/gems/actionpack-3.1.8/lib/action_dispatch/middleware/templates/rescues/diagnostics.erb within rescues/layout (14.7ms)


Started GET "/ipad/tcourses/6?chapter=2&direct=next&position=1&sclass=2&show=nav_img" for 192.168.0.189 at 2012-09-25 18:43:37 +0800
  Processing by Ipad::TcoursesController#show as JS
  Parameters: {"chapter"=>"2", "direct"=>"next", "position"=>"1", "sclass"=>"2", "show"=>"nav_img", "id"=>"6"}
  [1m[36mUser Load (0.5ms)[0m  [1mSELECT "users".* FROM "users" WHERE "users"."id" = 4 LIMIT 1[0m
  [1m[35mRole Load (0.3ms)[0m  SELECT "roles".* FROM "roles" INNER JOIN "roles_users" ON "roles"."id" = "roles_users"."role_id" WHERE "roles_users"."user_id" = 4
  [1m[36mCourse Load (0.3ms)[0m  [1mSELECT "courses".* FROM "courses" WHERE "courses"."id" = ? LIMIT 1[0m  [["id", "6"]]
  [1m[35mSclass Load (0.3ms)[0m  SELECT "sclasses".* FROM "sclasses" WHERE "sclasses"."id" = ? LIMIT 1  [["id", "2"]]
  [1m[36mChapter Load (0.4ms)[0m  [1mSELECT "chapters".* FROM "chapters" WHERE "chapters"."id" = ? LIMIT 1[0m  [["id", "2"]]
--------------position: 1
Completed 500 Internal Server Error in 295ms

TypeError (can't convert Fixnum into String):
  app/controllers/ipad/tcourses_controller.rb:45:in `+'
  app/controllers/ipad/tcourses_controller.rb:45:in `block in show'
  app/controllers/ipad/tcourses_controller.rb:27:in `show'

Rendered /usr/local/rvm/gems/ruby-1.9.3-p125/gems/actionpack-3.1.8/lib/action_dispatch/middleware/templates/rescues/_trace.erb (2.1ms)
Rendered /usr/local/rvm/gems/ruby-1.9.3-p125/gems/actionpack-3.1.8/lib/action_dispatch/middleware/templates/rescues/_request_and_response.erb (4.0ms)
Rendered /usr/local/rvm/gems/ruby-1.9.3-p125/gems/actionpack-3.1.8/lib/action_dispatch/middleware/templates/rescues/diagnostics.erb within rescues/layout (11.1ms)


Started GET "/ipad/tcourses/6?chapter=2&direct=next&position=1&sclass=2&show=nav_img" for 192.168.0.189 at 2012-09-25 18:46:48 +0800
  Processing by Ipad::TcoursesController#show as JS
  Parameters: {"chapter"=>"2", "direct"=>"next", "position"=>"1", "sclass"=>"2", "show"=>"nav_img", "id"=>"6"}
  [1m[35mUser Load (0.4ms)[0m  SELECT "users".* FROM "users" WHERE "users"."id" = 4 LIMIT 1
  [1m[36mRole Load (0.3ms)[0m  [1mSELECT "roles".* FROM "roles" INNER JOIN "roles_users" ON "roles"."id" = "roles_users"."role_id" WHERE "roles_users"."user_id" = 4[0m
  [1m[35mCourse Load (0.4ms)[0m  SELECT "courses".* FROM "courses" WHERE "courses"."id" = ? LIMIT 1  [["id", "6"]]
  [1m[36mSclass Load (0.3ms)[0m  [1mSELECT "sclasses".* FROM "sclasses" WHERE "sclasses"."id" = ? LIMIT 1[0m  [["id", "2"]]
  [1m[35mChapter Load (0.3ms)[0m  SELECT "chapters".* FROM "chapters" WHERE "chapters"."id" = ? LIMIT 1  [["id", "2"]]
--------------position: 1
Completed 500 Internal Server Error in 327ms

TypeError (can't convert Fixnum into String):
  app/controllers/ipad/tcourses_controller.rb:45:in `+'
  app/controllers/ipad/tcourses_controller.rb:45:in `block in show'
  app/controllers/ipad/tcourses_controller.rb:27:in `show'

Rendered /usr/local/rvm/gems/ruby-1.9.3-p125/gems/actionpack-3.1.8/lib/action_dispatch/middleware/templates/rescues/_trace.erb (2.2ms)
Rendered /usr/local/rvm/gems/ruby-1.9.3-p125/gems/actionpack-3.1.8/lib/action_dispatch/middleware/templates/rescues/_request_and_response.erb (4.7ms)
Rendered /usr/local/rvm/gems/ruby-1.9.3-p125/gems/actionpack-3.1.8/lib/action_dispatch/middleware/templates/rescues/diagnostics.erb within rescues/layout (12.6ms)


Started GET "/ipad/tcourses/6?chapter=2&direct=next&position=1&sclass=2&show=nav_img" for 192.168.0.189 at 2012-09-25 18:52:02 +0800
  Processing by Ipad::TcoursesController#show as JS
  Parameters: {"chapter"=>"2", "direct"=>"next", "position"=>"1", "sclass"=>"2", "show"=>"nav_img", "id"=>"6"}
  [1m[36mUser Load (0.5ms)[0m  [1mSELECT "users".* FROM "users" WHERE "users"."id" = 4 LIMIT 1[0m
  [1m[35mRole Load (0.3ms)[0m  SELECT "roles".* FROM "roles" INNER JOIN "roles_users" ON "roles"."id" = "roles_users"."role_id" WHERE "roles_users"."user_id" = 4
  [1m[36mCourse Load (0.4ms)[0m  [1mSELECT "courses".* FROM "courses" WHERE "courses"."id" = ? LIMIT 1[0m  [["id", "6"]]
  [1m[35mSclass Load (0.5ms)[0m  SELECT "sclasses".* FROM "sclasses" WHERE "sclasses"."id" = ? LIMIT 1  [["id", "2"]]
  [1m[36mChapter Load (0.3ms)[0m  [1mSELECT "chapters".* FROM "chapters" WHERE "chapters"."id" = ? LIMIT 1[0m  [["id", "2"]]
--------------position: 1
Completed 500 Internal Server Error in 312ms

TypeError (can't convert Fixnum into String):
  app/controllers/ipad/tcourses_controller.rb:45:in `+'
  app/controllers/ipad/tcourses_controller.rb:45:in `block in show'
  app/controllers/ipad/tcourses_controller.rb:27:in `show'

Rendered /usr/local/rvm/gems/ruby-1.9.3-p125/gems/actionpack-3.1.8/lib/action_dispatch/middleware/templates/rescues/_trace.erb (2.5ms)
Rendered /usr/local/rvm/gems/ruby-1.9.3-p125/gems/actionpack-3.1.8/lib/action_dispatch/middleware/templates/rescues/_request_and_response.erb (4.0ms)
Rendered /usr/local/rvm/gems/ruby-1.9.3-p125/gems/actionpack-3.1.8/lib/action_dispatch/middleware/templates/rescues/diagnostics.erb within rescues/layout (11.6ms)
DEPRECATED! (configure_from_yaml) Please stop using YAML and use Ruby instead. This method will be removed in 3.1.


Started GET "/ipad/tcourses/6?chapter=2&direct=next&position=1&sclass=2&show=nav_img" for 192.168.0.189 at 2012-09-25 18:59:44 +0800
  Processing by Ipad::TcoursesController#show as JS
  Parameters: {"chapter"=>"2", "direct"=>"next", "position"=>"1", "sclass"=>"2", "show"=>"nav_img", "id"=>"6"}
  [1m[35mUser Load (0.4ms)[0m  SELECT "users".* FROM "users" WHERE "users"."id" = 4 LIMIT 1
  [1m[36mRole Load (0.3ms)[0m  [1mSELECT "roles".* FROM "roles" INNER JOIN "roles_users" ON "roles"."id" = "roles_users"."role_id" WHERE "roles_users"."user_id" = 4[0m
  [1m[35mCourse Load (0.3ms)[0m  SELECT "courses".* FROM "courses" WHERE "courses"."id" = ? LIMIT 1  [["id", "6"]]
  [1m[36mSclass Load (0.3ms)[0m  [1mSELECT "sclasses".* FROM "sclasses" WHERE "sclasses"."id" = ? LIMIT 1[0m  [["id", "2"]]
  [1m[35mChapter Load (0.3ms)[0m  SELECT "chapters".* FROM "chapters" WHERE "chapters"."id" = ? LIMIT 1  [["id", "2"]]
--------------position: 1
Rendered ipad/tcourses/_chapter.html.erb (0.1ms)
Rendered ipad/tcourses/_chapter_f.html.erb (18.9ms)
Rendered ipad/tcourses/position.js.erb (26.9ms)
Completed 200 OK in 377ms (Views: 36.1ms | ActiveRecord: 7.3ms)


Started GET "/ipad/tcourses/6?chapter=2&direct=next&position=2&sclass=2&show=nav_img" for 192.168.0.189 at 2012-09-25 19:00:51 +0800
  Processing by Ipad::TcoursesController#show as JS
  Parameters: {"chapter"=>"2", "direct"=>"next", "position"=>"2", "sclass"=>"2", "show"=>"nav_img", "id"=>"6"}
  [1m[36mUser Load (0.4ms)[0m  [1mSELECT "users".* FROM "users" WHERE "users"."id" = 4 LIMIT 1[0m
  [1m[35mRole Load (0.2ms)[0m  SELECT "roles".* FROM "roles" INNER JOIN "roles_users" ON "roles"."id" = "roles_users"."role_id" WHERE "roles_users"."user_id" = 4
  [1m[36mCourse Load (0.4ms)[0m  [1mSELECT "courses".* FROM "courses" WHERE "courses"."id" = ? LIMIT 1[0m  [["id", "6"]]
  [1m[35mSclass Load (0.2ms)[0m  SELECT "sclasses".* FROM "sclasses" WHERE "sclasses"."id" = ? LIMIT 1  [["id", "2"]]
  [1m[36mChapter Load (0.2ms)[0m  [1mSELECT "chapters".* FROM "chapters" WHERE "chapters"."id" = ? LIMIT 1[0m  [["id", "2"]]
--------------position: 2
Rendered ipad/tcourses/_chapter.html.erb (0.1ms)
Rendered ipad/tcourses/_chapter_f.html.erb (11.5ms)
Rendered ipad/tcourses/position.js.erb (13.0ms)
Completed 200 OK in 232ms (Views: 19.0ms | ActiveRecord: 6.0ms)
